////////////////////////	START HERE	////////////////////////

time 7:10:26
./nz10_merged/0_index
Processing   ./nz10_merged/0_data
Completed: Packge   1
./nz10_merged/100_index
Processing   ./nz10_merged/100_data
Completed: Packge   2
./nz10_merged/101_index
Processing   ./nz10_merged/101_data
Completed: Packge   3
./nz10_merged/102_index
Processing   ./nz10_merged/102_data
Completed: Packge   4
./nz10_merged/103_index
Processing   ./nz10_merged/103_data
Completed: Packge   5
./nz10_merged/104_index
Processing   ./nz10_merged/104_data
Completed: Packge   6
./nz10_merged/105_index
Processing   ./nz10_merged/105_data
Completed: Packge   7
./nz10_merged/106_index
Processing   ./nz10_merged/106_data
Completed: Packge   8
./nz10_merged/107_index
Processing   ./nz10_merged/107_data
Completed: Packge   9
./nz10_merged/108_index
Processing   ./nz10_merged/108_data
Completed: Packge   10
./nz10_merged/109_index
Processing   ./nz10_merged/109_data
Completed: Packge   11
./nz10_merged/10_index
Processing   ./nz10_merged/10_data
Completed: Packge   12
./nz10_merged/110_index
Processing   ./nz10_merged/110_data
Completed: Packge   13
./nz10_merged/111_index
Processing   ./nz10_merged/111_data
Completed: Packge   14
./nz10_merged/112_index
Processing   ./nz10_merged/112_data
Completed: Packge   15
./nz10_merged/113_index
Processing   ./nz10_merged/113_data
Completed: Packge   16
./nz10_merged/114_index
Processing   ./nz10_merged/114_data
Completed: Packge   17
./nz10_merged/115_index
Processing   ./nz10_merged/115_data
Completed: Packge   18
./nz10_merged/116_index
Processing   ./nz10_merged/116_data
Completed: Packge   19
./nz10_merged/117_index
Processing   ./nz10_merged/117_data
Completed: Packge   20
./nz10_merged/118_index
Processing   ./nz10_merged/118_data
Completed: Packge   21
./nz10_merged/119_index
Processing   ./nz10_merged/119_data
Completed: Packge   22
./nz10_merged/11_index
Processing   ./nz10_merged/11_data
Completed: Packge   23
./nz10_merged/120_index
Processing   ./nz10_merged/120_data
nSub too small
Completed: Packge   24
./nz10_merged/121_index
Processing   ./nz10_merged/121_data
Completed: Packge   25
./nz10_merged/122_index
Processing   ./nz10_merged/122_data
Completed: Packge   26
./nz10_merged/123_index
Processing   ./nz10_merged/123_data
Completed: Packge   27
./nz10_merged/124_index
Processing   ./nz10_merged/124_data
Completed: Packge   28
./nz10_merged/125_index
Processing   ./nz10_merged/125_data
Completed: Packge   29
./nz10_merged/126_index
Processing   ./nz10_merged/126_data
Completed: Packge   30
Sub Index a is done
Sub Index b is done
Sub Index c is done
Sub Index d is done
Sub Index e is done
Sub Index f is done
Sub Index g is done
Sub Index h is done
Sub Index i is done
Sub Index j is done
Sub Index k is done
Sub Index l is done
Sub Index m is done
Sub Index n is done
Sub Index o is done
Sub Index p is done
Sub Index q is done
Sub Index r is done
Sub Index s is done
Sub Index t is done
Sub Index u is done
Sub Index v is done
Sub Index w is done
Sub Index x is done
Sub Index y is done
Sub Index z is done
./nz10_merged/127_index
Processing   ./nz10_merged/127_data
Completed: Packge   31
./nz10_merged/128_index
Processing   ./nz10_merged/128_data
Completed: Packge   32
./nz10_merged/129_index
Processing   ./nz10_merged/129_data
Completed: Packge   33
./nz10_merged/12_index
Processing   ./nz10_merged/12_data
Completed: Packge   34
./nz10_merged/130_index
Processing   ./nz10_merged/130_data
Completed: Packge   35
./nz10_merged/131_index
Processing   ./nz10_merged/131_data
Completed: Packge   36
./nz10_merged/132_index
Processing   ./nz10_merged/132_data
Completed: Packge   37
./nz10_merged/133_index
Processing   ./nz10_merged/133_data
Completed: Packge   38
./nz10_merged/134_index
Processing   ./nz10_merged/134_data
Completed: Packge   39
./nz10_merged/135_index
Processing   ./nz10_merged/135_data
Completed: Packge   40
./nz10_merged/136_index
Processing   ./nz10_merged/136_data
Completed: Packge   41
./nz10_merged/137_index
Processing   ./nz10_merged/137_data
Completed: Packge   42
./nz10_merged/138_index
Processing   ./nz10_merged/138_data
Completed: Packge   43
./nz10_merged/139_index
Processing   ./nz10_merged/139_data
Completed: Packge   44
./nz10_merged/13_index
Processing   ./nz10_merged/13_data
Completed: Packge   45
./nz10_merged/140_index
Processing   ./nz10_merged/140_data
Completed: Packge   46
./nz10_merged/141_index
Processing   ./nz10_merged/141_data
Completed: Packge   47
./nz10_merged/142_index
Processing   ./nz10_merged/142_data
Completed: Packge   48
./nz10_merged/143_index
Processing   ./nz10_merged/143_data
Completed: Packge   49
./nz10_merged/144_index
Processing   ./nz10_merged/144_data
Completed: Packge   50
./nz10_merged/145_index
Processing   ./nz10_merged/145_data
Completed: Packge   51
./nz10_merged/146_index
Processing   ./nz10_merged/146_data
Completed: Packge   52
./nz10_merged/147_index
Processing   ./nz10_merged/147_data
Completed: Packge   53
./nz10_merged/148_index
Processing   ./nz10_merged/148_data
Completed: Packge   54
./nz10_merged/149_index
Processing   ./nz10_merged/149_data
Completed: Packge   55
./nz10_merged/14_index
Processing   ./nz10_merged/14_data
Completed: Packge   56
./nz10_merged/150_index
Processing   ./nz10_merged/150_data
Completed: Packge   57
./nz10_merged/151_index
Processing   ./nz10_merged/151_data
Completed: Packge   58
./nz10_merged/152_index
Processing   ./nz10_merged/152_data
Completed: Packge   59
./nz10_merged/153_index
Processing   ./nz10_merged/153_data
Completed: Packge   60
Sub Index a is done
Sub Index b is done
Sub Index c is done
Sub Index d is done
Sub Index e is done
Sub Index f is done
Sub Index g is done
Sub Index h is done
Sub Index i is done
Sub Index j is done
Sub Index k is done
Sub Index l is done
Sub Index m is done
Sub Index n is done
Sub Index o is done
Sub Index p is done
Sub Index q is done
Sub Index r is done
Sub Index s is done
Sub Index t is done
Sub Index u is done
Sub Index v is done
Sub Index w is done
Sub Index x is done
Sub Index y is done
Sub Index z is done
./nz10_merged/154_index
Processing   ./nz10_merged/154_data
Completed: Packge   61
./nz10_merged/155_index
Processing   ./nz10_merged/155_data
Completed: Packge   62
./nz10_merged/156_index
Processing   ./nz10_merged/156_data
Completed: Packge   63
./nz10_merged/157_index
Processing   ./nz10_merged/157_data
Completed: Packge   64
./nz10_merged/158_index
Processing   ./nz10_merged/158_data
Completed: Packge   65
./nz10_merged/159_index
Processing   ./nz10_merged/159_data
Completed: Packge   66
./nz10_merged/15_index
Processing   ./nz10_merged/15_data
Completed: Packge   67
./nz10_merged/160_index
Processing   ./nz10_merged/160_data
Completed: Packge   68
./nz10_merged/161_index
Processing   ./nz10_merged/161_data
Completed: Packge   69
./nz10_merged/162_index
Processing   ./nz10_merged/162_data
Completed: Packge   70
./nz10_merged/163_index
Processing   ./nz10_merged/163_data
nSub too small
Completed: Packge   71
./nz10_merged/164_index
Processing   ./nz10_merged/164_data
Completed: Packge   72
./nz10_merged/165_index
Processing   ./nz10_merged/165_data
Completed: Packge   73
./nz10_merged/166_index
Processing   ./nz10_merged/166_data
Completed: Packge   74
./nz10_merged/167_index
Processing   ./nz10_merged/167_data
Completed: Packge   75
./nz10_merged/168_index
Processing   ./nz10_merged/168_data
Completed: Packge   76
./nz10_merged/169_index
Processing   ./nz10_merged/169_data
Completed: Packge   77
./nz10_merged/16_index
Processing   ./nz10_merged/16_data
Completed: Packge   78
./nz10_merged/170_index
Processing   ./nz10_merged/170_data
Completed: Packge   79
./nz10_merged/171_index
Processing   ./nz10_merged/171_data
Completed: Packge   80
./nz10_merged/172_index
Processing   ./nz10_merged/172_data
Completed: Packge   81
./nz10_merged/173_index
Processing   ./nz10_merged/173_data
Completed: Packge   82
./nz10_merged/174_index
Processing   ./nz10_merged/174_data
Completed: Packge   83
./nz10_merged/175_index
Processing   ./nz10_merged/175_data
Completed: Packge   84
./nz10_merged/176_index
Processing   ./nz10_merged/176_data
Completed: Packge   85
./nz10_merged/177_index
Processing   ./nz10_merged/177_data
Completed: Packge   86
./nz10_merged/178_index
Processing   ./nz10_merged/178_data
Completed: Packge   87
./nz10_merged/179_index
Processing   ./nz10_merged/179_data
Completed: Packge   88
./nz10_merged/17_index
Processing   ./nz10_merged/17_data
Completed: Packge   89
./nz10_merged/180_index
Processing   ./nz10_merged/180_data
Completed: Packge   90
Sub Index a is done
Sub Index b is done
Sub Index c is done
Sub Index d is done
Sub Index e is done
Sub Index f is done
Sub Index g is done
Sub Index h is done
Sub Index i is done
Sub Index j is done
Sub Index k is done
Sub Index l is done
Sub Index m is done
Sub Index n is done
Sub Index o is done
Sub Index p is done
Sub Index q is done
Sub Index r is done
Sub Index s is done
Sub Index t is done
Sub Index u is done
Sub Index v is done
Sub Index w is done
Sub Index x is done
Sub Index y is done
Sub Index z is done
./nz10_merged/181_index
Processing   ./nz10_merged/181_data
Completed: Packge   91
./nz10_merged/182_index
Processing   ./nz10_merged/182_data
Completed: Packge   92
./nz10_merged/183_index
Processing   ./nz10_merged/183_data
Completed: Packge   93
./nz10_merged/184_index
Processing   ./nz10_merged/184_data
Completed: Packge   94
./nz10_merged/185_index
Processing   ./nz10_merged/185_data
Completed: Packge   95
./nz10_merged/186_index
Processing   ./nz10_merged/186_data
Completed: Packge   96
./nz10_merged/187_index
Processing   ./nz10_merged/187_data
Completed: Packge   97
./nz10_merged/188_index
Processing   ./nz10_merged/188_data
Completed: Packge   98
./nz10_merged/189_index
Processing   ./nz10_merged/189_data
Completed: Packge   99
./nz10_merged/18_index
Processing   ./nz10_merged/18_data
Completed: Packge   100
./nz10_merged/190_index
Processing   ./nz10_merged/190_data
Completed: Packge   101
./nz10_merged/191_index
Processing   ./nz10_merged/191_data
Completed: Packge   102
./nz10_merged/192_index
Processing   ./nz10_merged/192_data
Completed: Packge   103
./nz10_merged/193_index
Processing   ./nz10_merged/193_data
Completed: Packge   104
./nz10_merged/194_index
Processing   ./nz10_merged/194_data
Completed: Packge   105
./nz10_merged/195_index
Processing   ./nz10_merged/195_data
Completed: Packge   106
./nz10_merged/196_index
Processing   ./nz10_merged/196_data
nSub too small
nSub too small
Completed: Packge   107
./nz10_merged/197_index
Processing   ./nz10_merged/197_data
Completed: Packge   108
./nz10_merged/198_index
Processing   ./nz10_merged/198_data
Completed: Packge   109
./nz10_merged/199_index
Processing   ./nz10_merged/199_data
Completed: Packge   110
./nz10_merged/19_index
Processing   ./nz10_merged/19_data
Completed: Packge   111
./nz10_merged/1_index
Processing   ./nz10_merged/1_data
Completed: Packge   112
./nz10_merged/200_index
Processing   ./nz10_merged/200_data
Completed: Packge   113
./nz10_merged/201_index
Processing   ./nz10_merged/201_data
Completed: Packge   114
./nz10_merged/202_index
Processing   ./nz10_merged/202_data
Completed: Packge   115
./nz10_merged/203_index
Processing   ./nz10_merged/203_data
Completed: Packge   116
./nz10_merged/204_index
Processing   ./nz10_merged/204_data
nSub1 too small
Completed: Packge   117
./nz10_merged/205_index
Processing   ./nz10_merged/205_data
Completed: Packge   118
./nz10_merged/206_index
Processing   ./nz10_merged/206_data
Completed: Packge   119
./nz10_merged/207_index
Processing   ./nz10_merged/207_data
Completed: Packge   120
Sub Index a is done
Sub Index b is done
Sub Index c is done
Sub Index d is done
Sub Index e is done
Sub Index f is done
Sub Index g is done
Sub Index h is done
Sub Index i is done
Sub Index j is done
Sub Index k is done
Sub Index l is done
Sub Index m is done
Sub Index n is done
Sub Index o is done
Sub Index p is done
Sub Index q is done
Sub Index r is done
Sub Index s is done
Sub Index t is done
Sub Index u is done
Sub Index v is done
Sub Index w is done
Sub Index x is done
Sub Index y is done
Sub Index z is done
./nz10_merged/208_index
Processing   ./nz10_merged/208_data
Completed: Packge   121
./nz10_merged/209_index
Processing   ./nz10_merged/209_data
Completed: Packge   122
./nz10_merged/20_index
Processing   ./nz10_merged/20_data
nSub1 too small
Completed: Packge   123
./nz10_merged/210_index
Processing   ./nz10_merged/210_data
Completed: Packge   124
./nz10_merged/211_index
Processing   ./nz10_merged/211_data
nSub too small
Completed: Packge   125
./nz10_merged/212_index
Processing   ./nz10_merged/212_data
Completed: Packge   126
./nz10_merged/213_index
Processing   ./nz10_merged/213_data
Completed: Packge   127
./nz10_merged/214_index
Processing   ./nz10_merged/214_data
Completed: Packge   128
./nz10_merged/215_index
Processing   ./nz10_merged/215_data
Completed: Packge   129
./nz10_merged/216_index
Processing   ./nz10_merged/216_data
Completed: Packge   130
./nz10_merged/217_index
Processing   ./nz10_merged/217_data
Completed: Packge   131
./nz10_merged/218_index
Processing   ./nz10_merged/218_data
Completed: Packge   132
./nz10_merged/219_index
Processing   ./nz10_merged/219_data
Completed: Packge   133
./nz10_merged/21_index
Processing   ./nz10_merged/21_data
Completed: Packge   134
./nz10_merged/220_index
Processing   ./nz10_merged/220_data
Completed: Packge   135
./nz10_merged/221_index
Processing   ./nz10_merged/221_data
nSub1 too small
nSub1 too small
nSub1 too small
Completed: Packge   136
./nz10_merged/222_index
Processing   ./nz10_merged/222_data
Completed: Packge   137
./nz10_merged/223_index
Processing   ./nz10_merged/223_data
Completed: Packge   138
./nz10_merged/224_index
Processing   ./nz10_merged/224_data
Completed: Packge   139
./nz10_merged/225_index
Processing   ./nz10_merged/225_data
nSub too small
Completed: Packge   140
./nz10_merged/226_index
Processing   ./nz10_merged/226_data
Completed: Packge   141
./nz10_merged/227_index
Processing   ./nz10_merged/227_data
Completed: Packge   142
./nz10_merged/228_index
Processing   ./nz10_merged/228_data
Completed: Packge   143
./nz10_merged/229_index
Processing   ./nz10_merged/229_data
Completed: Packge   144
./nz10_merged/22_index
Processing   ./nz10_merged/22_data
Completed: Packge   145
./nz10_merged/230_index
Processing   ./nz10_merged/230_data
Completed: Packge   146
./nz10_merged/231_index
Processing   ./nz10_merged/231_data
Completed: Packge   147
./nz10_merged/232_index
Processing   ./nz10_merged/232_data
Completed: Packge   148
./nz10_merged/233_index
Processing   ./nz10_merged/233_data
Completed: Packge   149
./nz10_merged/234_index
Processing   ./nz10_merged/234_data
Completed: Packge   150
Sub Index a is done
Sub Index b is done
Sub Index c is done
Sub Index d is done
Sub Index e is done
Sub Index f is done
Sub Index g is done
Sub Index h is done
Sub Index i is done
Sub Index j is done
Sub Index k is done
Sub Index l is done
Sub Index m is done
Sub Index n is done
Sub Index o is done
Sub Index p is done
Sub Index q is done
Sub Index r is done
Sub Index s is done
Sub Index t is done
Sub Index u is done
Sub Index v is done
Sub Index w is done
Sub Index x is done
Sub Index y is done
Sub Index z is done
./nz10_merged/235_index
Processing   ./nz10_merged/235_data
Completed: Packge   151
./nz10_merged/236_index
Processing   ./nz10_merged/236_data
Completed: Packge   152
./nz10_merged/237_index
Processing   ./nz10_merged/237_data
Completed: Packge   153
./nz10_merged/238_index
Processing   ./nz10_merged/238_data
Completed: Packge   154
./nz10_merged/239_index
Processing   ./nz10_merged/239_data
Completed: Packge   155
./nz10_merged/23_index
Processing   ./nz10_merged/23_data
Completed: Packge   156
./nz10_merged/240_index
Processing   ./nz10_merged/240_data
Completed: Packge   157
./nz10_merged/241_index
Processing   ./nz10_merged/241_data
nSub1 too small
nSub1 too small
Completed: Packge   158
./nz10_merged/242_index
Processing   ./nz10_merged/242_data
Completed: Packge   159
./nz10_merged/243_index
Processing   ./nz10_merged/243_data
Completed: Packge   160
./nz10_merged/244_index
Processing   ./nz10_merged/244_data
Completed: Packge   161
./nz10_merged/245_index
Processing   ./nz10_merged/245_data
Completed: Packge   162
./nz10_merged/246_index
Processing   ./nz10_merged/246_data
Completed: Packge   163
./nz10_merged/247_index
Processing   ./nz10_merged/247_data
Completed: Packge   164
./nz10_merged/248_index
Processing   ./nz10_merged/248_data
Completed: Packge   165
./nz10_merged/249_index
Processing   ./nz10_merged/249_data
Completed: Packge   166
./nz10_merged/24_index
Processing   ./nz10_merged/24_data
Completed: Packge   167
./nz10_merged/250_index
Processing   ./nz10_merged/250_data
Completed: Packge   168
./nz10_merged/251_index
Processing   ./nz10_merged/251_data
Completed: Packge   169
./nz10_merged/252_index
Processing   ./nz10_merged/252_data
nSub too small
Completed: Packge   170
./nz10_merged/253_index
Processing   ./nz10_merged/253_data
Completed: Packge   171
./nz10_merged/254_index
Processing   ./nz10_merged/254_data
Completed: Packge   172
./nz10_merged/255_index
Processing   ./nz10_merged/255_data
Completed: Packge   173
./nz10_merged/256_index
Processing   ./nz10_merged/256_data
Completed: Packge   174
./nz10_merged/257_index
Processing   ./nz10_merged/257_data
Completed: Packge   175
./nz10_merged/258_index
Processing   ./nz10_merged/258_data
Completed: Packge   176
./nz10_merged/259_index
Processing   ./nz10_merged/259_data
nSub1 too small
Completed: Packge   177
./nz10_merged/25_index
Processing   ./nz10_merged/25_data
Completed: Packge   178
./nz10_merged/260_index
Processing   ./nz10_merged/260_data
Completed: Packge   179
./nz10_merged/261_index
Processing   ./nz10_merged/261_data
Completed: Packge   180
Sub Index a is done
Sub Index b is done
Sub Index c is done
Sub Index d is done
Sub Index e is done
Sub Index f is done
Sub Index g is done
Sub Index h is done
Sub Index i is done
Sub Index j is done
Sub Index k is done
Sub Index l is done
Sub Index m is done
Sub Index n is done
Sub Index o is done
Sub Index p is done
Sub Index q is done
Sub Index r is done
Sub Index s is done
Sub Index t is done
Sub Index u is done
Sub Index v is done
Sub Index w is done
Sub Index x is done
Sub Index y is done
Sub Index z is done
./nz10_merged/262_index
Processing   ./nz10_merged/262_data
Completed: Packge   181
./nz10_merged/263_index
Processing   ./nz10_merged/263_data
Completed: Packge   182
./nz10_merged/264_index
Processing   ./nz10_merged/264_data
Completed: Packge   183
./nz10_merged/265_index
Processing   ./nz10_merged/265_data
Completed: Packge   184
./nz10_merged/266_index
Processing   ./nz10_merged/266_data
Completed: Packge   185
./nz10_merged/267_index
Processing   ./nz10_merged/267_data
Completed: Packge   186
./nz10_merged/268_index
Processing   ./nz10_merged/268_data
nSub1 too small
nSub1 too small
Completed: Packge   187
./nz10_merged/269_index
Processing   ./nz10_merged/269_data
nSub1 too small
nSub1 too small
Completed: Packge   188
./nz10_merged/26_index
Processing   ./nz10_merged/26_data
Completed: Packge   189
./nz10_merged/270_index
Processing   ./nz10_merged/270_data
nSub1 too small
Completed: Packge   190
./nz10_merged/271_index
Processing   ./nz10_merged/271_data
Completed: Packge   191
./nz10_merged/272_index
Processing   ./nz10_merged/272_data
Completed: Packge   192
./nz10_merged/273_index
Processing   ./nz10_merged/273_data
Completed: Packge   193
./nz10_merged/274_index
Processing   ./nz10_merged/274_data
Completed: Packge   194
./nz10_merged/275_index
Processing   ./nz10_merged/275_data
Completed: Packge   195
./nz10_merged/276_index
Processing   ./nz10_merged/276_data
Completed: Packge   196
./nz10_merged/277_index
Processing   ./nz10_merged/277_data
Completed: Packge   197
./nz10_merged/278_index
Processing   ./nz10_merged/278_data
Completed: Packge   198
./nz10_merged/279_index
Processing   ./nz10_merged/279_data
Completed: Packge   199
./nz10_merged/27_index
Processing   ./nz10_merged/27_data
Completed: Packge   200
./nz10_merged/280_index
Processing   ./nz10_merged/280_data
Completed: Packge   201
./nz10_merged/281_index
Processing   ./nz10_merged/281_data
Completed: Packge   202
./nz10_merged/282_index
Processing   ./nz10_merged/282_data
Completed: Packge   203
./nz10_merged/283_index
Processing   ./nz10_merged/283_data
Completed: Packge   204
./nz10_merged/284_index
Processing   ./nz10_merged/284_data
Completed: Packge   205
./nz10_merged/285_index
Processing   ./nz10_merged/285_data
Completed: Packge   206
./nz10_merged/286_index
Processing   ./nz10_merged/286_data
Completed: Packge   207
./nz10_merged/287_index
Processing   ./nz10_merged/287_data
Completed: Packge   208
./nz10_merged/288_index
Processing   ./nz10_merged/288_data
Completed: Packge   209
./nz10_merged/289_index
Processing   ./nz10_merged/289_data
Completed: Packge   210
Sub Index a is done
Sub Index b is done
Sub Index c is done
Sub Index d is done
Sub Index e is done
Sub Index f is done
Sub Index g is done
Sub Index h is done
Sub Index i is done
Sub Index j is done
Sub Index k is done
Sub Index l is done
Sub Index m is done
Sub Index n is done
Sub Index o is done
Sub Index p is done
Sub Index q is done
Sub Index r is done
Sub Index s is done
Sub Index t is done
Sub Index u is done
Sub Index v is done
Sub Index w is done
Sub Index x is done
Sub Index y is done
Sub Index z is done
./nz10_merged/28_index
Processing   ./nz10_merged/28_data
nSub too small
nSub too small
Completed: Packge   211
./nz10_merged/290_index
Processing   ./nz10_merged/290_data
Completed: Packge   212
./nz10_merged/291_index
Processing   ./nz10_merged/291_data
Completed: Packge   213
./nz10_merged/292_index
Processing   ./nz10_merged/292_data
Completed: Packge   214
./nz10_merged/293_index
Processing   ./nz10_merged/293_data
Completed: Packge   215
./nz10_merged/294_index
Processing   ./nz10_merged/294_data
Completed: Packge   216
./nz10_merged/295_index
Processing   ./nz10_merged/295_data
Completed: Packge   217
./nz10_merged/296_index
Processing   ./nz10_merged/296_data
Completed: Packge   218
./nz10_merged/297_index
Processing   ./nz10_merged/297_data
Completed: Packge   219
./nz10_merged/298_index
Processing   ./nz10_merged/298_data
Completed: Packge   220
./nz10_merged/299_index
Processing   ./nz10_merged/299_data
nSub1 too small
Completed: Packge   221
./nz10_merged/29_index
Processing   ./nz10_merged/29_data
Completed: Packge   222
./nz10_merged/2_index
Processing   ./nz10_merged/2_data
Completed: Packge   223
./nz10_merged/300_index
Processing   ./nz10_merged/300_data
Completed: Packge   224
./nz10_merged/301_index
Processing   ./nz10_merged/301_data
nSub1 too small
nSub1 too small
nSub1 too small
Completed: Packge   225
./nz10_merged/302_index
Processing   ./nz10_merged/302_data
Completed: Packge   226
./nz10_merged/303_index
Processing   ./nz10_merged/303_data
Completed: Packge   227
./nz10_merged/304_index
Processing   ./nz10_merged/304_data
Completed: Packge   228
./nz10_merged/305_index
Processing   ./nz10_merged/305_data
Completed: Packge   229
./nz10_merged/306_index
Processing   ./nz10_merged/306_data
Completed: Packge   230
./nz10_merged/307_index
Processing   ./nz10_merged/307_data
Completed: Packge   231
./nz10_merged/308_index
Processing   ./nz10_merged/308_data
Completed: Packge   232
./nz10_merged/309_index
Processing   ./nz10_merged/309_data
Completed: Packge   233
./nz10_merged/30_index
Processing   ./nz10_merged/30_data
Completed: Packge   234
./nz10_merged/310_index
Processing   ./nz10_merged/310_data
Completed: Packge   235
./nz10_merged/311_index
Processing   ./nz10_merged/311_data
Completed: Packge   236
./nz10_merged/312_index
Processing   ./nz10_merged/312_data
Completed: Packge   237
./nz10_merged/313_index
Processing   ./nz10_merged/313_data
Completed: Packge   238
./nz10_merged/314_index
Processing   ./nz10_merged/314_data
Completed: Packge   239
./nz10_merged/315_index
Processing   ./nz10_merged/315_data
Completed: Packge   240
Sub Index a is done
Sub Index b is done
Sub Index c is done
Sub Index d is done
Sub Index e is done
Sub Index f is done
Sub Index g is done
Sub Index h is done
Sub Index i is done
Sub Index j is done
Sub Index k is done
Sub Index l is done
Sub Index m is done
Sub Index n is done
Sub Index o is done
Sub Index p is done
Sub Index q is done
Sub Index r is done
Sub Index s is done
Sub Index t is done
Sub Index u is done
Sub Index v is done
Sub Index w is done
Sub Index x is done
Sub Index y is done
Sub Index z is done
./nz10_merged/316_index
Processing   ./nz10_merged/316_data
Completed: Packge   241
./nz10_merged/317_index
Processing   ./nz10_merged/317_data
Completed: Packge   242
./nz10_merged/318_index
Processing   ./nz10_merged/318_data
Completed: Packge   243
./nz10_merged/319_index
Processing   ./nz10_merged/319_data
Completed: Packge   244
./nz10_merged/31_index
Processing   ./nz10_merged/31_data
Completed: Packge   245
./nz10_merged/320_index
Processing   ./nz10_merged/320_data
Completed: Packge   246
./nz10_merged/321_index
Processing   ./nz10_merged/321_data
Completed: Packge   247
./nz10_merged/322_index
Processing   ./nz10_merged/322_data
Completed: Packge   248
./nz10_merged/323_index
Processing   ./nz10_merged/323_data
nSub1 too small
nSub too small
nSub too small
Completed: Packge   249
./nz10_merged/324_index
Processing   ./nz10_merged/324_data
Completed: Packge   250
./nz10_merged/325_index
Processing   ./nz10_merged/325_data
Completed: Packge   251
./nz10_merged/326_index
Processing   ./nz10_merged/326_data
Completed: Packge   252
./nz10_merged/327_index
Processing   ./nz10_merged/327_data
Completed: Packge   253
./nz10_merged/328_index
Processing   ./nz10_merged/328_data
Completed: Packge   254
./nz10_merged/329_index
Processing   ./nz10_merged/329_data
Completed: Packge   255
./nz10_merged/32_index
Processing   ./nz10_merged/32_data
Completed: Packge   256
./nz10_merged/330_index
Processing   ./nz10_merged/330_data
Completed: Packge   257
./nz10_merged/331_index
Processing   ./nz10_merged/331_data
Completed: Packge   258
./nz10_merged/332_index
Processing   ./nz10_merged/332_data
Completed: Packge   259
./nz10_merged/333_index
Processing   ./nz10_merged/333_data
nSub1 too small
nSub1 too small
Completed: Packge   260
./nz10_merged/334_index
Processing   ./nz10_merged/334_data
Completed: Packge   261
./nz10_merged/335_index
Processing   ./nz10_merged/335_data
Completed: Packge   262
./nz10_merged/336_index
Processing   ./nz10_merged/336_data
Completed: Packge   263
./nz10_merged/337_index
Processing   ./nz10_merged/337_data
Completed: Packge   264
./nz10_merged/338_index
Processing   ./nz10_merged/338_data
Completed: Packge   265
./nz10_merged/339_index
Processing   ./nz10_merged/339_data
Completed: Packge   266
./nz10_merged/33_index
Processing   ./nz10_merged/33_data
Completed: Packge   267
./nz10_merged/340_index
Processing   ./nz10_merged/340_data
Completed: Packge   268
./nz10_merged/341_index
Processing   ./nz10_merged/341_data
Completed: Packge   269
./nz10_merged/342_index
Processing   ./nz10_merged/342_data
nSub too small
Completed: Packge   270
Sub Index a is done
Sub Index b is done
Sub Index c is done
Sub Index d is done
Sub Index e is done
Sub Index f is done
Sub Index g is done
Sub Index h is done
Sub Index i is done
Sub Index j is done
Sub Index k is done
Sub Index l is done
Sub Index m is done
Sub Index n is done
Sub Index o is done
Sub Index p is done
Sub Index q is done
Sub Index r is done
Sub Index s is done
Sub Index t is done
Sub Index u is done
Sub Index v is done
Sub Index w is done
Sub Index x is done
Sub Index y is done
Sub Index z is done
./nz10_merged/343_index
Processing   ./nz10_merged/343_data
Completed: Packge   271
./nz10_merged/344_index
Processing   ./nz10_merged/344_data
Completed: Packge   272
./nz10_merged/345_index
Processing   ./nz10_merged/345_data
nSub too small
Completed: Packge   273
./nz10_merged/346_index
Processing   ./nz10_merged/346_data
Completed: Packge   274
./nz10_merged/347_index
Processing   ./nz10_merged/347_data
Completed: Packge   275
./nz10_merged/348_index
Processing   ./nz10_merged/348_data
nSub1 too small
Completed: Packge   276
./nz10_merged/349_index
Processing   ./nz10_merged/349_data
Completed: Packge   277
./nz10_merged/34_index
Processing   ./nz10_merged/34_data
Completed: Packge   278
./nz10_merged/350_index
Processing   ./nz10_merged/350_data
Completed: Packge   279
./nz10_merged/351_index
Processing   ./nz10_merged/351_data
Completed: Packge   280
./nz10_merged/352_index
Processing   ./nz10_merged/352_data
Completed: Packge   281
./nz10_merged/353_index
Processing   ./nz10_merged/353_data
Completed: Packge   282
./nz10_merged/354_index
Processing   ./nz10_merged/354_data
Completed: Packge   283
./nz10_merged/355_index
Processing   ./nz10_merged/355_data
Completed: Packge   284
./nz10_merged/356_index
Processing   ./nz10_merged/356_data
nSub1 too small
nSub1 too small
nSub1 too small
Completed: Packge   285
./nz10_merged/357_index
Processing   ./nz10_merged/357_data
Completed: Packge   286
./nz10_merged/358_index
Processing   ./nz10_merged/358_data
Completed: Packge   287
./nz10_merged/359_index
Processing   ./nz10_merged/359_data
Completed: Packge   288
./nz10_merged/35_index
Processing   ./nz10_merged/35_data
Completed: Packge   289
./nz10_merged/360_index
Processing   ./nz10_merged/360_data
Completed: Packge   290
./nz10_merged/361_index
Processing   ./nz10_merged/361_data
Completed: Packge   291
./nz10_merged/362_index
Processing   ./nz10_merged/362_data
Completed: Packge   292
./nz10_merged/363_index
Processing   ./nz10_merged/363_data
Completed: Packge   293
./nz10_merged/364_index
Processing   ./nz10_merged/364_data
Completed: Packge   294
./nz10_merged/365_index
Processing   ./nz10_merged/365_data
Completed: Packge   295
./nz10_merged/366_index
Processing   ./nz10_merged/366_data
Completed: Packge   296
./nz10_merged/367_index
Processing   ./nz10_merged/367_data
Completed: Packge   297
./nz10_merged/368_index
Processing   ./nz10_merged/368_data
Completed: Packge   298
./nz10_merged/369_index
Processing   ./nz10_merged/369_data
Completed: Packge   299
./nz10_merged/36_index
Processing   ./nz10_merged/36_data
Completed: Packge   300
Sub Index a is done
Sub Index b is done
Sub Index c is done
Sub Index d is done
Sub Index e is done
Sub Index f is done
Sub Index g is done
Sub Index h is done
Sub Index i is done
Sub Index j is done
Sub Index k is done
Sub Index l is done
Sub Index m is done
Sub Index n is done
Sub Index o is done
Sub Index p is done
Sub Index q is done
Sub Index r is done
Sub Index s is done
Sub Index t is done
Sub Index u is done
Sub Index v is done
Sub Index w is done
Sub Index x is done
Sub Index y is done
Sub Index z is done
./nz10_merged/370_index
Processing   ./nz10_merged/370_data
Completed: Packge   301
./nz10_merged/371_index
Processing   ./nz10_merged/371_data
Completed: Packge   302
./nz10_merged/372_index
Processing   ./nz10_merged/372_data
Completed: Packge   303
./nz10_merged/373_index
Processing   ./nz10_merged/373_data
Completed: Packge   304
./nz10_merged/374_index
Processing   ./nz10_merged/374_data
Completed: Packge   305
./nz10_merged/375_index
Processing   ./nz10_merged/375_data
Completed: Packge   306
./nz10_merged/376_index
Processing   ./nz10_merged/376_data
Completed: Packge   307
./nz10_merged/377_index
Processing   ./nz10_merged/377_data
Completed: Packge   308
./nz10_merged/378_index
Processing   ./nz10_merged/378_data
nSub1 too small
nSub1 too small
Completed: Packge   309
./nz10_merged/379_index
Processing   ./nz10_merged/379_data
Completed: Packge   310
./nz10_merged/37_index
Processing   ./nz10_merged/37_data
Completed: Packge   311
./nz10_merged/380_index
Processing   ./nz10_merged/380_data
nSub1 too small
Completed: Packge   312
./nz10_merged/381_index
Processing   ./nz10_merged/381_data
Completed: Packge   313
./nz10_merged/382_index
Processing   ./nz10_merged/382_data
Completed: Packge   314
./nz10_merged/383_index
Processing   ./nz10_merged/383_data
Completed: Packge   315
./nz10_merged/384_index
Processing   ./nz10_merged/384_data
Completed: Packge   316
./nz10_merged/385_index
Processing   ./nz10_merged/385_data
Completed: Packge   317
./nz10_merged/386_index
Processing   ./nz10_merged/386_data
Completed: Packge   318
./nz10_merged/387_index
Processing   ./nz10_merged/387_data
Completed: Packge   319
./nz10_merged/388_index
Processing   ./nz10_merged/388_data
Completed: Packge   320
./nz10_merged/389_index
Processing   ./nz10_merged/389_data
Completed: Packge   321
./nz10_merged/38_index
Processing   ./nz10_merged/38_data
Completed: Packge   322
./nz10_merged/390_index
Processing   ./nz10_merged/390_data
Completed: Packge   323
./nz10_merged/391_index
Processing   ./nz10_merged/391_data
Completed: Packge   324
./nz10_merged/392_index
Processing   ./nz10_merged/392_data
Completed: Packge   325
./nz10_merged/393_index
Processing   ./nz10_merged/393_data
Completed: Packge   326
./nz10_merged/394_index
Processing   ./nz10_merged/394_data
Completed: Packge   327
./nz10_merged/395_index
Processing   ./nz10_merged/395_data
Completed: Packge   328
./nz10_merged/396_index
Processing   ./nz10_merged/396_data
nSub too small
nSub1 too small
Completed: Packge   329
./nz10_merged/397_index
Processing   ./nz10_merged/397_data
nSub too small
Completed: Packge   330
Sub Index a is done
Sub Index b is done
Sub Index c is done
Sub Index d is done
Sub Index e is done
Sub Index f is done
Sub Index g is done
Sub Index h is done
Sub Index i is done
Sub Index j is done
Sub Index k is done
Sub Index l is done
Sub Index m is done
Sub Index n is done
Sub Index o is done
Sub Index p is done
Sub Index q is done
Sub Index r is done
Sub Index s is done
Sub Index t is done
Sub Index u is done
Sub Index v is done
Sub Index w is done
Sub Index x is done
Sub Index y is done
Sub Index z is done
./nz10_merged/398_index
Processing   ./nz10_merged/398_data
Completed: Packge   331
./nz10_merged/399_index
Processing   ./nz10_merged/399_data
Completed: Packge   332
./nz10_merged/39_index
Processing   ./nz10_merged/39_data
Completed: Packge   333
./nz10_merged/3_index
Processing   ./nz10_merged/3_data
nSub1 too small
nSub1 too small
Completed: Packge   334
./nz10_merged/400_index
Processing   ./nz10_merged/400_data
Completed: Packge   335
./nz10_merged/401_index
Processing   ./nz10_merged/401_data
Completed: Packge   336
./nz10_merged/402_index
Processing   ./nz10_merged/402_data
Completed: Packge   337
./nz10_merged/403_index
Processing   ./nz10_merged/403_data
Completed: Packge   338
./nz10_merged/404_index
Processing   ./nz10_merged/404_data
Completed: Packge   339
./nz10_merged/405_index
Processing   ./nz10_merged/405_data
nSub1 too small
Completed: Packge   340
./nz10_merged/406_index
Processing   ./nz10_merged/406_data
Completed: Packge   341
./nz10_merged/407_index
Processing   ./nz10_merged/407_data
Completed: Packge   342
./nz10_merged/408_index
Processing   ./nz10_merged/408_data
Completed: Packge   343
./nz10_merged/409_index
Processing   ./nz10_merged/409_data
Completed: Packge   344
./nz10_merged/40_index
Processing   ./nz10_merged/40_data
Completed: Packge   345
./nz10_merged/410_index
Processing   ./nz10_merged/410_data
Completed: Packge   346
./nz10_merged/411_index
Processing   ./nz10_merged/411_data
Completed: Packge   347
./nz10_merged/412_index
Processing   ./nz10_merged/412_data
Completed: Packge   348
./nz10_merged/413_index
Processing   ./nz10_merged/413_data
Completed: Packge   349
./nz10_merged/41_index
Processing   ./nz10_merged/41_data
Completed: Packge   350
./nz10_merged/42_index
Processing   ./nz10_merged/42_data
Completed: Packge   351
./nz10_merged/43_index
Processing   ./nz10_merged/43_data
Completed: Packge   352
./nz10_merged/44_index
Processing   ./nz10_merged/44_data
Completed: Packge   353
./nz10_merged/45_index
Processing   ./nz10_merged/45_data
Completed: Packge   354
./nz10_merged/46_index
Processing   ./nz10_merged/46_data
nSub1 too small
nSub1 too small
Completed: Packge   355
./nz10_merged/47_index
Processing   ./nz10_merged/47_data
Completed: Packge   356
./nz10_merged/48_index
Processing   ./nz10_merged/48_data
Completed: Packge   357
./nz10_merged/49_index
Processing   ./nz10_merged/49_data
Completed: Packge   358
./nz10_merged/4_index
Processing   ./nz10_merged/4_data
Completed: Packge   359
./nz10_merged/50_index
Processing   ./nz10_merged/50_data
Completed: Packge   360
Sub Index a is done
Sub Index b is done
Sub Index c is done
Sub Index d is done
Sub Index e is done
Sub Index f is done
Sub Index g is done
Sub Index h is done
Sub Index i is done
Sub Index j is done
Sub Index k is done
Sub Index l is done
Sub Index m is done
Sub Index n is done
Sub Index o is done
Sub Index p is done
Sub Index q is done
Sub Index r is done
Sub Index s is done
Sub Index t is done
Sub Index u is done
Sub Index v is done
Sub Index w is done
Sub Index x is done
Sub Index y is done
Sub Index z is done
./nz10_merged/51_index
Processing   ./nz10_merged/51_data
Completed: Packge   361
./nz10_merged/52_index
Processing   ./nz10_merged/52_data
Completed: Packge   362
./nz10_merged/53_index
Processing   ./nz10_merged/53_data
Completed: Packge   363
./nz10_merged/54_index
Processing   ./nz10_merged/54_data
Completed: Packge   364
./nz10_merged/55_index
Processing   ./nz10_merged/55_data
Completed: Packge   365
./nz10_merged/56_index
Processing   ./nz10_merged/56_data
Completed: Packge   366
./nz10_merged/57_index
Processing   ./nz10_merged/57_data
Completed: Packge   367
./nz10_merged/58_index
Processing   ./nz10_merged/58_data
Completed: Packge   368
./nz10_merged/59_index
Processing   ./nz10_merged/59_data
nSub1 too small
nSub1 too small
nSub1 too small
Completed: Packge   369
./nz10_merged/5_index
Processing   ./nz10_merged/5_data
nSub1 too small
Completed: Packge   370
./nz10_merged/60_index
Processing   ./nz10_merged/60_data
Completed: Packge   371
./nz10_merged/61_index
Processing   ./nz10_merged/61_data
Completed: Packge   372
./nz10_merged/62_index
Processing   ./nz10_merged/62_data
Completed: Packge   373
./nz10_merged/63_index
Processing   ./nz10_merged/63_data
Completed: Packge   374
./nz10_merged/64_index
Processing   ./nz10_merged/64_data
Completed: Packge   375
./nz10_merged/65_index
Processing   ./nz10_merged/65_data
Completed: Packge   376
./nz10_merged/66_index
Processing   ./nz10_merged/66_data
Completed: Packge   377
./nz10_merged/67_index
Processing   ./nz10_merged/67_data
Completed: Packge   378
./nz10_merged/68_index
Processing   ./nz10_merged/68_data
Completed: Packge   379
./nz10_merged/69_index
Processing   ./nz10_merged/69_data
Completed: Packge   380
./nz10_merged/6_index
Processing   ./nz10_merged/6_data
Completed: Packge   381
./nz10_merged/70_index
Processing   ./nz10_merged/70_data
Completed: Packge   382
./nz10_merged/71_index
Processing   ./nz10_merged/71_data
Completed: Packge   383
./nz10_merged/72_index
Processing   ./nz10_merged/72_data
Completed: Packge   384
./nz10_merged/73_index
Processing   ./nz10_merged/73_data
Completed: Packge   385
./nz10_merged/74_index
Processing   ./nz10_merged/74_data
Completed: Packge   386
./nz10_merged/75_index
Processing   ./nz10_merged/75_data
Completed: Packge   387
./nz10_merged/76_index
Processing   ./nz10_merged/76_data
Completed: Packge   388
./nz10_merged/77_index
Processing   ./nz10_merged/77_data
Completed: Packge   389
./nz10_merged/78_index
Processing   ./nz10_merged/78_data
Completed: Packge   390
Sub Index a is done
Sub Index b is done
Sub Index c is done
Sub Index d is done
Sub Index e is done
Sub Index f is done
Sub Index g is done
Sub Index h is done
Sub Index i is done
Sub Index j is done
Sub Index k is done
Sub Index l is done
Sub Index m is done
Sub Index n is done
Sub Index o is done
Sub Index p is done
Sub Index q is done
Sub Index r is done
Sub Index s is done
Sub Index t is done
Sub Index u is done
Sub Index v is done
Sub Index w is done
Sub Index x is done
Sub Index y is done
Sub Index z is done
./nz10_merged/79_index
Processing   ./nz10_merged/79_data
nSub1 too small
Completed: Packge   391
./nz10_merged/7_index
Processing   ./nz10_merged/7_data
Completed: Packge   392
./nz10_merged/80_index
Processing   ./nz10_merged/80_data
Completed: Packge   393
./nz10_merged/81_index
Processing   ./nz10_merged/81_data
Completed: Packge   394
./nz10_merged/82_index
Processing   ./nz10_merged/82_data
Completed: Packge   395
./nz10_merged/83_index
Processing   ./nz10_merged/83_data
Completed: Packge   396
./nz10_merged/84_index
Processing   ./nz10_merged/84_data
Completed: Packge   397
./nz10_merged/85_index
Processing   ./nz10_merged/85_data
nSub1 too small
nSub1 too small
nSub1 too small
nSub1 too small
Completed: Packge   398
./nz10_merged/86_index
Processing   ./nz10_merged/86_data
Completed: Packge   399
./nz10_merged/87_index
Processing   ./nz10_merged/87_data
Completed: Packge   400
./nz10_merged/88_index
Processing   ./nz10_merged/88_data
Completed: Packge   401
./nz10_merged/89_index
Processing   ./nz10_merged/89_data
Completed: Packge   402
./nz10_merged/8_index
Processing   ./nz10_merged/8_data
Completed: Packge   403
./nz10_merged/90_index
Processing   ./nz10_merged/90_data
nSub1 too small
Completed: Packge   404
./nz10_merged/91_index
Processing   ./nz10_merged/91_data
Completed: Packge   405
./nz10_merged/92_index
Processing   ./nz10_merged/92_data
Completed: Packge   406
./nz10_merged/93_index
Processing   ./nz10_merged/93_data
Completed: Packge   407
./nz10_merged/94_index
Processing   ./nz10_merged/94_data
nSub1 too small
nSub1 too small
Completed: Packge   408
./nz10_merged/95_index
Processing   ./nz10_merged/95_data
nSub too small
Completed: Packge   409
./nz10_merged/96_index
Processing   ./nz10_merged/96_data
Completed: Packge   410
./nz10_merged/97_index
Processing   ./nz10_merged/97_data
Completed: Packge   411
./nz10_merged/98_index
Processing   ./nz10_merged/98_data
Completed: Packge   412
./nz10_merged/99_index
Processing   ./nz10_merged/99_data
nSub too small
nSub too small
Completed: Packge   413
./nz10_merged/9_index
Processing   ./nz10_merged/9_data
Completed: Packge   414
Sub Index a is done
Sub Index b is done
Sub Index c is done
Sub Index d is done
Sub Index e is done
Sub Index f is done
Sub Index g is done
Sub Index h is done
Sub Index i is done
Sub Index j is done
Sub Index k is done
Sub Index l is done
Sub Index m is done
Sub Index n is done
Sub Index o is done
Sub Index p is done
Sub Index q is done
Sub Index r is done
Sub Index s is done
Sub Index t is done
Sub Index u is done
Sub Index v is done
Sub Index w is done
Sub Index x is done
Sub Index y is done
Sub Index z is done
time 7:19:5
reading data from./J30/a_lex ./J30/a_Index
upword:                                                  all 86800
reading data from./J60/a_lex ./J60/a_Index
upword:                                                  an 70863
reading data from./J90/a_lex ./J90/a_Index
upword:                                                  an 98620
reading data from./J120/a_lex ./J120/a_Index
upword:                                                  an 79735
reading data from./J150/a_lex ./J150/a_Index
upword:                                                  all 81484
reading data from./J180/a_lex ./J180/a_Index
upword:                                                  all 136941
reading data from./J210/a_lex ./J210/a_Index
upword:                                                  an 74174
reading data from./J240/a_lex ./J240/a_Index
upword:                                                  all 93318
reading data from./J270/a_lex ./J270/a_Index
upword:                                                  an 63838
reading data from./J300/a_lex ./J300/a_Index
upword:                                                  all 80280
reading data from./J330/a_lex ./J330/a_Index
upword:                                                  all 82477
reading data from./J360/a_lex ./J360/a_Index
upword:                                                  all 114974
reading data from./J390/a_lex ./J390/a_Index
upword:                                                  all 138440
reading data from./J414/a_lex ./J414/a_Index
upword:                                                  all 129179
Building Index To ./JData10/a_lex ./JData10/a_Index
reading data from./J30/b_lex ./J30/b_Index
upword:                                                  bold 77306
reading data from./J60/b_lex ./J60/b_Index
upword:                                                  business 69799
reading data from./J90/b_lex ./J90/b_Index
upword:                                                  but 56369
reading data from./J120/b_lex ./J120/b_Index
upword:                                                  but 62536
reading data from./J150/b_lex ./J150/b_Index
upword:                                                  but 48203
reading data from./J180/b_lex ./J180/b_Index
upword:                                                  but 72293
reading data from./J210/b_lex ./J210/b_Index
upword:                                                  but 45542
reading data from./J240/b_lex ./J240/b_Index
upword:                                                  but 61381
reading data from./J270/b_lex ./J270/b_Index
upword:                                                  background 56872
reading data from./J300/b_lex ./J300/b_Index
upword:                                                  business 63590
reading data from./J330/b_lex ./J330/b_Index
upword:                                                  but 39064
reading data from./J360/b_lex ./J360/b_Index
upword:                                                  but 83822
reading data from./J390/b_lex ./J390/b_Index
upword:                                                  but 109169
reading data from./J414/b_lex ./J414/b_Index
upword:                                                  but 119376
Building Index To ./JData10/b_lex ./JData10/b_Index
reading data from./J30/c_lex ./J30/c_Index
upword:                                                  color 165181
reading data from./J60/c_lex ./J60/c_Index
upword:                                                  co 152116
reading data from./J90/c_lex ./J90/c_Index
upword:                                                  co 142134
reading data from./J120/c_lex ./J120/c_Index
upword:                                                  co 135410
reading data from./J150/c_lex ./J150/c_Index
upword:                                                  co 155625
reading data from./J180/c_lex ./J180/c_Index
upword:                                                  co 135491
reading data from./J210/c_lex ./J210/c_Index
upword:                                                  co 135332
reading data from./J240/c_lex ./J240/c_Index
upword:                                                  co 160631
reading data from./J270/c_lex ./J270/c_Index
upword:                                                  co 158784
reading data from./J300/c_lex ./J300/c_Index
upword:                                                  co 180105
reading data from./J330/c_lex ./J330/c_Index
upword:                                                  co 133926
reading data from./J360/c_lex ./J360/c_Index
upword:                                                  co 183079
reading data from./J390/c_lex ./J390/c_Index
upword:                                                  co 166355
reading data from./J414/c_lex ./J414/c_Index
upword:                                                  co 180870
Building Index To ./JData10/c_lex ./JData10/c_Index
reading data from./J30/d_lex ./J30/d_Index
upword:                                                  decoration 49746
reading data from./J60/d_lex ./J60/d_Index
upword:                                                  diploma 47273
reading data from./J90/d_lex ./J90/d_Index
upword:                                                  decoration 64698
reading data from./J120/d_lex ./J120/d_Index
upword:                                                  directory 26891
reading data from./J150/d_lex ./J150/d_Index
upword:                                                  day 35588
reading data from./J180/d_lex ./J180/d_Index
upword:                                                  dental 49568
reading data from./J210/d_lex ./J210/d_Index
upword:                                                  day 36643
reading data from./J240/d_lex ./J240/d_Index
upword:                                                  down 34769
reading data from./J270/d_lex ./J270/d_Index
upword:                                                  day 28516
reading data from./J300/d_lex ./J300/d_Index
upword:                                                  decoration 52132
reading data from./J330/d_lex ./J330/d_Index
upword:                                                  day 42399
reading data from./J360/d_lex ./J360/d_Index
upword:                                                  day 43595
reading data from./J390/d_lex ./J390/d_Index
upword:                                                  date 45949
reading data from./J414/d_lex ./J414/d_Index
upword:                                                  day 54447
Building Index To ./JData10/d_lex ./JData10/d_Index
reading data from./J30/e_lex ./J30/e_Index
upword:                                                  even 26272
reading data from./J60/e_lex ./J60/e_Index
upword:                                                  education 22985
reading data from./J90/e_lex ./J90/e_Index
upword:                                                  education 32112
reading data from./J120/e_lex ./J120/e_Index
upword:                                                  email 32371
reading data from./J150/e_lex ./J150/e_Index
upword:                                                  events 23964
reading data from./J180/e_lex ./J180/e_Index
upword:                                                  education 33214
reading data from./J210/e_lex ./J210/e_Index
upword:                                                  events 40604
reading data from./J240/e_lex ./J240/e_Index
upword:                                                  events 26538
reading data from./J270/e_lex ./J270/e_Index
upword:                                                  events 30146
reading data from./J300/e_lex ./J300/e_Index
upword:                                                  email 24485
reading data from./J330/e_lex ./J330/e_Index
upword:                                                  email 40988
reading data from./J360/e_lex ./J360/e_Index
upword:                                                  even 31005
reading data from./J390/e_lex ./J390/e_Index
upword:                                                  even 39280
reading data from./J414/e_lex ./J414/e_Index
upword:                                                  even 51560
Building Index To ./JData10/e_lex ./JData10/e_Index
reading data from./J30/f_lex ./J30/f_Index
upword:                                                  font 248298
reading data from./J60/f_lex ./J60/f_Index
upword:                                                  free 41125
reading data from./J90/f_lex ./J90/f_Index
upword:                                                  font 138039
reading data from./J120/f_lex ./J120/f_Index
upword:                                                  font 66373
reading data from./J150/f_lex ./J150/f_Index
upword:                                                  font 75935
reading data from./J180/f_lex ./J180/f_Index
upword:                                                  free 115186
reading data from./J210/f_lex ./J210/f_Index
upword:                                                  ford 49247
reading data from./J240/f_lex ./J240/f_Index
upword:                                                  font 86280
reading data from./J270/f_lex ./J270/f_Index
upword:                                                  font 71613
reading data from./J300/f_lex ./J300/f_Index
upword:                                                  font 193138
reading data from./J330/f_lex ./J330/f_Index
upword:                                                  font 131615
reading data from./J360/f_lex ./J360/f_Index
upword:                                                  font 316551
reading data from./J390/f_lex ./J390/f_Index
upword:                                                  free 89349
reading data from./J414/f_lex ./J414/f_Index
upword:                                                  free 112545
Building Index To ./JData10/f_lex ./JData10/f_Index
reading data from./J30/g_lex ./J30/g_Index
upword:                                                  gt 32882
reading data from./J60/g_lex ./J60/g_Index
upword:                                                  gt 26746
reading data from./J90/g_lex ./J90/g_Index
upword:                                                  gt 70168
reading data from./J120/g_lex ./J120/g_Index
upword:                                                  gt 80282
reading data from./J150/g_lex ./J150/g_Index
upword:                                                  gt 39417
reading data from./J180/g_lex ./J180/g_Index
upword:                                                  gt 52264
reading data from./J210/g_lex ./J210/g_Index
upword:                                                  gt 53157
reading data from./J240/g_lex ./J240/g_Index
upword:                                                  gt 53531
reading data from./J270/g_lex ./J270/g_Index
upword:                                                  gt 49413
reading data from./J300/g_lex ./J300/g_Index
upword:                                                  gt 36140
reading data from./J330/g_lex ./J330/g_Index
upword:                                                  gt 50635
reading data from./J360/g_lex ./J360/g_Index
upword:                                                  gt 58485
reading data from./J390/g_lex ./J390/g_Index
upword:                                                  gt 141559
reading data from./J414/g_lex ./J414/g_Index
upword:                                                  good 48304
Building Index To ./JData10/g_lex ./JData10/g_Index
reading data from./J30/h_lex ./J30/h_Index
upword:                                                  home 107674
reading data from./J60/h_lex ./J60/h_Index
upword:                                                  home 98352
reading data from./J90/h_lex ./J90/h_Index
upword:                                                  home 116235
reading data from./J120/h_lex ./J120/h_Index
upword:                                                  home 115616
reading data from./J150/h_lex ./J150/h_Index
upword:                                                  home 109020
reading data from./J180/h_lex ./J180/h_Index
upword:                                                  home 128998
reading data from./J210/h_lex ./J210/h_Index
upword:                                                  home 125650
reading data from./J240/h_lex ./J240/h_Index
upword:                                                  her 145007
reading data from./J270/h_lex ./J270/h_Index
upword:                                                  home 122582
reading data from./J300/h_lex ./J300/h_Index
upword:                                                  html 101038
reading data from./J330/h_lex ./J330/h_Index
upword:                                                  home 109654
reading data from./J360/h_lex ./J360/h_Index
upword:                                                  home 175497
reading data from./J390/h_lex ./J390/h_Index
upword:                                                  have 128632
reading data from./J414/h_lex ./J414/h_Index
upword:                                                  his 176537
Building Index To ./JData10/h_lex ./JData10/h_Index
reading data from./J30/i_lex ./J30/i_Index
upword:                                                  if 56132
reading data from./J60/i_lex ./J60/i_Index
upword:                                                  information 52112
reading data from./J90/i_lex ./J90/i_Index
upword:                                                  if 79814
reading data from./J120/i_lex ./J120/i_Index
upword:                                                  if 55247
reading data from./J150/i_lex ./J150/i_Index
upword:                                                  if 39569
reading data from./J180/i_lex ./J180/i_Index
upword:                                                  information 71055
reading data from./J210/i_lex ./J210/i_Index
upword:                                                  if 54682
reading data from./J240/i_lex ./J240/i_Index
upword:                                                  if 51348
reading data from./J270/i_lex ./J270/i_Index
upword:                                                  if 42237
reading data from./J300/i_lex ./J300/i_Index
upword:                                                  if 50032
reading data from./J330/i_lex ./J330/i_Index
upword:                                                  information 39347
reading data from./J360/i_lex ./J360/i_Index
upword:                                                  if 66200
reading data from./J390/i_lex ./J390/i_Index
upword:                                                  if 81567
reading data from./J414/i_lex ./J414/i_Index
upword:                                                  if 70220
Building Index To ./JData10/i_lex ./JData10/i_Index
reading data from./J30/j_lex ./J30/j_Index
upword:                                                  june 16221
reading data from./J60/j_lex ./J60/j_Index
upword:                                                  jobs 21086
reading data from./J90/j_lex ./J90/j_Index
upword:                                                  java 21843
reading data from./J120/j_lex ./J120/j_Index
upword:                                                  jobs 15591
reading data from./J150/j_lex ./J150/j_Index
upword:                                                  join 18429
reading data from./J180/j_lex ./J180/j_Index
upword:                                                  justice 28772
reading data from./J210/j_lex ./J210/j_Index
upword:                                                  jobs 21462
reading data from./J240/j_lex ./J240/j_Index
upword:                                                  join 26971
reading data from./J270/j_lex ./J270/j_Index
upword:                                                  jobs 12002
reading data from./J300/j_lex ./J300/j_Index
upword:                                                  join 13893
reading data from./J330/j_lex ./J330/j_Index
upword:                                                  june 18412
reading data from./J360/j_lex ./J360/j_Index
upword:                                                  join 16935
reading data from./J390/j_lex ./J390/j_Index
upword:                                                  jewelry 53074
reading data from./J414/j_lex ./J414/j_Index
upword:                                                  jobs 18542
Building Index To ./JData10/j_lex ./JData10/j_Index
reading data from./J30/k_lex ./J30/k_Index
upword:                                                  know 12592
reading data from./J60/k_lex ./J60/k_Index
upword:                                                  keep 11017
reading data from./J90/k_lex ./J90/k_Index
upword:                                                  key 19037
reading data from./J120/k_lex ./J120/k_Index
upword:                                                  know 19050
reading data from./J150/k_lex ./J150/k_Index
upword:                                                  know 10464
reading data from./J180/k_lex ./J180/k_Index
upword:                                                  know 23548
reading data from./J210/k_lex ./J210/k_Index
upword:                                                  kids 12463
reading data from./J240/k_lex ./J240/k_Index
upword:                                                  know 22198
reading data from./J270/k_lex ./J270/k_Index
upword:                                                  know 13894
reading data from./J300/k_lex ./J300/k_Index
upword:                                                  know 16590
reading data from./J330/k_lex ./J330/k_Index
upword:                                                  keep 12500
reading data from./J360/k_lex ./J360/k_Index
upword:                                                  know 16594
reading data from./J390/k_lex ./J390/k_Index
upword:                                                  koha 37349
reading data from./J414/k_lex ./J414/k_Index
upword:                                                  kitchen 20872
Building Index To ./JData10/k_lex ./JData10/k_Index
reading data from./J30/l_lex ./J30/l_Index
upword:                                                  links 35194
reading data from./J60/l_lex ./J60/l_Index
upword:                                                  level 37161
reading data from./J90/l_lex ./J90/l_Index
upword:                                                  links 42753
reading data from./J120/l_lex ./J120/l_Index
upword:                                                  location 37252
reading data from./J150/l_lex ./J150/l_Index
upword:                                                  links 33130
reading data from./J180/l_lex ./J180/l_Index
upword:                                                  links 48820
reading data from./J210/l_lex ./J210/l_Index
upword:                                                  links 62019
reading data from./J240/l_lex ./J240/l_Index
upword:                                                  links 49191
reading data from./J270/l_lex ./J270/l_Index
upword:                                                  links 41751
reading data from./J300/l_lex ./J300/l_Index
upword:                                                  links 50314
reading data from./J330/l_lex ./J330/l_Index
upword:                                                  login 30013
reading data from./J360/l_lex ./J360/l_Index
upword:                                                  like 36804
reading data from./J390/l_lex ./J390/l_Index
upword:                                                  lt 52162
reading data from./J414/l_lex ./J414/l_Index
upword:                                                  like 47496
Building Index To ./JData10/l_lex ./JData10/l_Index
reading data from./J30/m_lex ./J30/m_Index
upword:                                                  may 65649
reading data from./J60/m_lex ./J60/m_Index
upword:                                                  management 39418
reading data from./J90/m_lex ./J90/m_Index
upword:                                                  may 48008
reading data from./J120/m_lex ./J120/m_Index
upword:                                                  my 95907
reading data from./J150/m_lex ./J150/m_Index
upword:                                                  may 36723
reading data from./J180/m_lex ./J180/m_Index
upword:                                                  may 64501
reading data from./J210/m_lex ./J210/m_Index
upword:                                                  may 54725
reading data from./J240/m_lex ./J240/m_Index
upword:                                                  my 118737
reading data from./J270/m_lex ./J270/m_Index
upword:                                                  mso 46664
reading data from./J300/m_lex ./J300/m_Index
upword:                                                  my 41221
reading data from./J330/m_lex ./J330/m_Index
upword:                                                  may 48440
reading data from./J360/m_lex ./J360/m_Index
upword:                                                  my 84411
reading data from./J390/m_lex ./J390/m_Index
upword:                                                  may 82272
reading data from./J414/m_lex ./J414/m_Index
upword:                                                  my 81664
Building Index To ./JData10/m_lex ./JData10/m_Index
reading data from./J30/n_lex ./J30/n_Index
upword:                                                  nz 204290
reading data from./J60/n_lex ./J60/n_Index
upword:                                                  nz 241510
reading data from./J90/n_lex ./J90/n_Index
upword:                                                  nz 275494
reading data from./J120/n_lex ./J120/n_Index
upword:                                                  nz 255645
reading data from./J150/n_lex ./J150/n_Index
upword:                                                  nz 243072
reading data from./J180/n_lex ./J180/n_Index
upword:                                                  nz 267031
reading data from./J210/n_lex ./J210/n_Index
upword:                                                  nz 281809
reading data from./J240/n_lex ./J240/n_Index
upword:                                                  nz 300510
reading data from./J270/n_lex ./J270/n_Index
upword:                                                  nz 272087
reading data from./J300/n_lex ./J300/n_Index
upword:                                                  nz 278664
reading data from./J330/n_lex ./J330/n_Index
upword:                                                  nz 254560
reading data from./J360/n_lex ./J360/n_Index
upword:                                                  nz 316741
reading data from./J390/n_lex ./J390/n_Index
upword:                                                  nz 347151
reading data from./J414/n_lex ./J414/n_Index
upword:                                                  nz 283161
Building Index To ./JData10/n_lex ./JData10/n_Index
reading data from./J30/o_lex ./J30/o_Index
upword:                                                  one 64918
reading data from./J60/o_lex ./J60/o_Index
upword:                                                  one 47306
reading data from./J90/o_lex ./J90/o_Index
upword:                                                  one 66135
reading data from./J120/o_lex ./J120/o_Index
upword:                                                  one 54584
reading data from./J150/o_lex ./J150/o_Index
upword:                                                  online 67008
reading data from./J180/o_lex ./J180/o_Index
upword:                                                  one 61739
reading data from./J210/o_lex ./J210/o_Index
upword:                                                  one 46891
reading data from./J240/o_lex ./J240/o_Index
upword:                                                  one 63500
reading data from./J270/o_lex ./J270/o_Index
upword:                                                  online 54056
reading data from./J300/o_lex ./J300/o_Index
upword:                                                  one 58374
reading data from./J330/o_lex ./J330/o_Index
upword:                                                  one 46080
reading data from./J360/o_lex ./J360/o_Index
upword:                                                  one 78962
reading data from./J390/o_lex ./J390/o_Index
upword:                                                  one 97159
reading data from./J414/o_lex ./J414/o_Index
upword:                                                  one 115923
Building Index To ./JData10/o_lex ./JData10/o_Index
reading data from./J30/p_lex ./J30/p_Index
upword:                                                  page 38075
reading data from./J60/p_lex ./J60/p_Index
upword:                                                  page 28511
reading data from./J90/p_lex ./J90/p_Index
upword:                                                  people 46691
reading data from./J120/p_lex ./J120/p_Index
upword:                                                  people 42134
reading data from./J150/p_lex ./J150/p_Index
upword:                                                  people 32727
reading data from./J180/p_lex ./J180/p_Index
upword:                                                  people 52287
reading data from./J210/p_lex ./J210/p_Index
upword:                                                  parts 38578
reading data from./J240/p_lex ./J240/p_Index
upword:                                                  products 46801
reading data from./J270/p_lex ./J270/p_Index
upword:                                                  pic 42557
reading data from./J300/p_lex ./J300/p_Index
upword:                                                  people 44426
reading data from./J330/p_lex ./J330/p_Index
upword:                                                  page 41893
reading data from./J360/p_lex ./J360/p_Index
upword:                                                  page 51548
reading data from./J390/p_lex ./J390/p_Index
upword:                                                  previous 46036
reading data from./J414/p_lex ./J414/p_Index
upword:                                                  pet 53997
Building Index To ./JData10/p_lex ./JData10/p_Index
reading data from./J30/q_lex ./J30/q_Index
upword:                                                  quot 13444
reading data from./J60/q_lex ./J60/q_Index
upword:                                                  quot 36571
reading data from./J90/q_lex ./J90/q_Index
upword:                                                  quot 65810
reading data from./J120/q_lex ./J120/q_Index
upword:                                                  quot 19551
reading data from./J150/q_lex ./J150/q_Index
upword:                                                  quot 23978
reading data from./J180/q_lex ./J180/q_Index
upword:                                                  quot 53138
reading data from./J210/q_lex ./J210/q_Index
upword:                                                  quot 51543
reading data from./J240/q_lex ./J240/q_Index
upword:                                                  quot 38157
reading data from./J270/q_lex ./J270/q_Index
upword:                                                  quot 29113
reading data from./J300/q_lex ./J300/q_Index
upword:                                                  quot 42479
reading data from./J330/q_lex ./J330/q_Index
upword:                                                  quot 24429
reading data from./J360/q_lex ./J360/q_Index
upword:                                                  quot 47876
reading data from./J390/q_lex ./J390/q_Index
upword:                                                  quot 67600
reading data from./J414/q_lex ./J414/q_Index
upword:                                                  quot 19220
Building Index To ./JData10/q_lex ./JData10/q_Index
reading data from./J30/r_lex ./J30/r_Index
upword:                                                  real 24766
reading data from./J60/r_lex ./J60/r_Index
upword:                                                  right 19890
reading data from./J90/r_lex ./J90/r_Index
upword:                                                  reg 64766
reading data from./J120/r_lex ./J120/r_Index
upword:                                                  raquo 27547
reading data from./J150/r_lex ./J150/r_Index
upword:                                                  right 24599
reading data from./J180/r_lex ./J180/r_Index
upword:                                                  resources 33338
reading data from./J210/r_lex ./J210/r_Index
upword:                                                  research 36542
reading data from./J240/r_lex ./J240/r_Index
upword:                                                  raquo 34357
reading data from./J270/r_lex ./J270/r_Index
upword:                                                  radio 30162
reading data from./J300/r_lex ./J300/r_Index
upword:                                                  resources 28623
reading data from./J330/r_lex ./J330/r_Index
upword:                                                  register 30493
reading data from./J360/r_lex ./J360/r_Index
upword:                                                  real 25287
reading data from./J390/r_lex ./J390/r_Index
upword:                                                  real 30762
reading data from./J414/r_lex ./J414/r_Index
upword:                                                  real 46131
Building Index To ./JData10/r_lex ./JData10/r_Index
reading data from./J30/s_lex ./J30/s_Index
upword:                                                  size 135189
reading data from./J60/s_lex ./J60/s_Index
upword:                                                  search 81317
reading data from./J90/s_lex ./J90/s_Index
upword:                                                  size 154145
reading data from./J120/s_lex ./J120/s_Index
upword:                                                  search 77701
reading data from./J150/s_lex ./J150/s_Index
upword:                                                  search 45357
reading data from./J180/s_lex ./J180/s_Index
upword:                                                  search 85221
reading data from./J210/s_lex ./J210/s_Index
upword:                                                  search 74468
reading data from./J240/s_lex ./J240/s_Index
upword:                                                  search 68730
reading data from./J270/s_lex ./J270/s_Index
upword:                                                  search 49911
reading data from./J300/s_lex ./J300/s_Index
upword:                                                  size 82510
reading data from./J330/s_lex ./J330/s_Index
upword:                                                  search 95233
reading data from./J360/s_lex ./J360/s_Index
upword:                                                  size 103668
reading data from./J390/s_lex ./J390/s_Index
upword:                                                  some 60446
reading data from./J414/s_lex ./J414/s_Index
upword:                                                  science 75199
Building Index To ./JData10/s_lex ./JData10/s_Index
reading data from./J30/t_lex ./J30/t_Index
upword:                                                  they 78688
reading data from./J60/t_lex ./J60/t_Index
upword:                                                  they 46225
reading data from./J90/t_lex ./J90/t_Index
upword:                                                  text 88259
reading data from./J120/t_lex ./J120/t_Index
upword:                                                  they 60263
reading data from./J150/t_lex ./J150/t_Index
upword:                                                  their 58254
reading data from./J180/t_lex ./J180/t_Index
upword:                                                  they 89309
reading data from./J210/t_lex ./J210/t_Index
upword:                                                  there 45249
reading data from./J240/t_lex ./J240/t_Index
upword:                                                  time 57800
reading data from./J270/t_lex ./J270/t_Index
upword:                                                  text 38186
reading data from./J300/t_lex ./J300/t_Index
upword:                                                  text 65240
reading data from./J330/t_lex ./J330/t_Index
upword:                                                  trade 62359
reading data from./J360/t_lex ./J360/t_Index
upword:                                                  they 98533
reading data from./J390/t_lex ./J390/t_Index
upword:                                                  they 116917
reading data from./J414/t_lex ./J414/t_Index
upword:                                                  they 133449
Building Index To ./JData10/t_lex ./JData10/t_Index
reading data from./J30/u_lex ./J30/u_Index
upword:                                                  up 46901
reading data from./J60/u_lex ./J60/u_Index
upword:                                                  up 33685
reading data from./J90/u_lex ./J90/u_Index
upword:                                                  up 46345
reading data from./J120/u_lex ./J120/u_Index
upword:                                                  up 51926
reading data from./J150/u_lex ./J150/u_Index
upword:                                                  up 45973
reading data from./J180/u_lex ./J180/u_Index
upword:                                                  up 62158
reading data from./J210/u_lex ./J210/u_Index
upword:                                                  up 51420
reading data from./J240/u_lex ./J240/u_Index
upword:                                                  up 80781
reading data from./J270/u_lex ./J270/u_Index
upword:                                                  up 33830
reading data from./J300/u_lex ./J300/u_Index
upword:                                                  up 48044
reading data from./J330/u_lex ./J330/u_Index
upword:                                                  up 31546
reading data from./J360/u_lex ./J360/u_Index
upword:                                                  up 67611
reading data from./J390/u_lex ./J390/u_Index
upword:                                                  up 78100
reading data from./J414/u_lex ./J414/u_Index
upword:                                                  up 70808
Building Index To ./JData10/u_lex ./JData10/u_Index
reading data from./J30/v_lex ./J30/v_Index
upword:                                                  verdana 42047
reading data from./J60/v_lex ./J60/v_Index
upword:                                                  view 16058
reading data from./J90/v_lex ./J90/v_Index
upword:                                                  verdana 38751
reading data from./J120/v_lex ./J120/v_Index
upword:                                                  verdana 23334
reading data from./J150/v_lex ./J150/v_Index
upword:                                                  view 30953
reading data from./J180/v_lex ./J180/v_Index
upword:                                                  view 31478
reading data from./J210/v_lex ./J210/v_Index
upword:                                                  view 30126
reading data from./J240/v_lex ./J240/v_Index
upword:                                                  view 28558
reading data from./J270/v_lex ./J270/v_Index
upword:                                                  view 29285
reading data from./J300/v_lex ./J300/v_Index
upword:                                                  verdana 57261
reading data from./J330/v_lex ./J330/v_Index
upword:                                                  view 43789
reading data from./J360/v_lex ./J360/v_Index
upword:                                                  view 35712
reading data from./J390/v_lex ./J390/v_Index
upword:                                                  view 24187
reading data from./J414/v_lex ./J414/v_Index
upword:                                                  view 29973
Building Index To ./JData10/v_lex ./JData10/v_Index
reading data from./J30/w_lex ./J30/w_Index
upword:                                                  weight 92073
reading data from./J60/w_lex ./J60/w_Index
upword:                                                  which 44679
reading data from./J90/w_lex ./J90/w_Index
upword:                                                  what 73922
reading data from./J120/w_lex ./J120/w_Index
upword:                                                  what 69846
reading data from./J150/w_lex ./J150/w_Index
upword:                                                  which 49975
reading data from./J180/w_lex ./J180/w_Index
upword:                                                  what 66498
reading data from./J210/w_lex ./J210/w_Index
upword:                                                  which 46832
reading data from./J240/w_lex ./J240/w_Index
upword:                                                  what 63218
reading data from./J270/w_lex ./J270/w_Index
upword:                                                  which 38188
reading data from./J300/w_lex ./J300/w_Index
upword:                                                  what 57030
reading data from./J330/w_lex ./J330/w_Index
upword:                                                  weight 39559
reading data from./J360/w_lex ./J360/w_Index
upword:                                                  which 84990
reading data from./J390/w_lex ./J390/w_Index
upword:                                                  which 106221
reading data from./J414/w_lex ./J414/w_Index
upword:                                                  which 119674
Building Index To ./JData10/w_lex ./JData10/w_Index
reading data from./J30/x_lex ./J30/x_Index
upword:                                                  xp 7761
reading data from./J60/x_lex ./J60/x_Index
upword:                                                  xcart 3937
reading data from./J90/x_lex ./J90/x_Index
upword:                                                  xp 8191
reading data from./J120/x_lex ./J120/x_Index
upword:                                                  xdcam 1904
reading data from./J150/x_lex ./J150/x_Index
upword:                                                  xbox 15569
reading data from./J180/x_lex ./J180/x_Index
upword:                                                  xxx 9534
reading data from./J210/x_lex ./J210/x_Index
upword:                                                  xbox 7145
reading data from./J240/x_lex ./J240/x_Index
upword:                                                  xtra 2221
reading data from./J270/x_lex ./J270/x_Index
upword:                                                  xbox 5338
reading data from./J300/x_lex ./J300/x_Index
upword:                                                  xurl 5656
reading data from./J330/x_lex ./J330/x_Index
upword:                                                  xring 3781
reading data from./J360/x_lex ./J360/x_Index
upword:                                                  xtra 42571
reading data from./J390/x_lex ./J390/x_Index
upword:                                                  xtra 10973
reading data from./J414/x_lex ./J414/x_Index
upword:                                                  xp 5590
Building Index To ./JData10/x_lex ./JData10/x_Index
reading data from./J30/y_lex ./J30/y_Index
upword:                                                  year 29013
reading data from./J60/y_lex ./J60/y_Index
upword:                                                  years 19303
reading data from./J90/y_lex ./J90/y_Index
upword:                                                  year 27860
reading data from./J120/y_lex ./J120/y_Index
upword:                                                  year 26746
reading data from./J150/y_lex ./J150/y_Index
upword:                                                  year 30097
reading data from./J180/y_lex ./J180/y_Index
upword:                                                  years 48602
reading data from./J210/y_lex ./J210/y_Index
upword:                                                  year 37086
reading data from./J240/y_lex ./J240/y_Index
upword:                                                  year 27061
reading data from./J270/y_lex ./J270/y_Index
upword:                                                  year 24918
reading data from./J300/y_lex ./J300/y_Index
upword:                                                  year 28815
reading data from./J330/y_lex ./J330/y_Index
upword:                                                  year 34213
reading data from./J360/y_lex ./J360/y_Index
upword:                                                  year 28281
reading data from./J390/y_lex ./J390/y_Index
upword:                                                  year 30911
reading data from./J414/y_lex ./J414/y_Index
upword:                                                  yet 31504
Building Index To ./JData10/y_lex ./JData10/y_Index
reading data from./J30/z_lex ./J30/z_Index
upword:                                                  zealand 60040
reading data from./J60/z_lex ./J60/z_Index
upword:                                                  zealand 92099
reading data from./J90/z_lex ./J90/z_Index
upword:                                                  zealand 112780
reading data from./J120/z_lex ./J120/z_Index
upword:                                                  zealand 104166
reading data from./J150/z_lex ./J150/z_Index
upword:                                                  zealand 100298
reading data from./J180/z_lex ./J180/z_Index
upword:                                                  zealand 131601
reading data from./J210/z_lex ./J210/z_Index
upword:                                                  zealand 94993
reading data from./J240/z_lex ./J240/z_Index
upword:                                                  zealand 118190
reading data from./J270/z_lex ./J270/z_Index
upword:                                                  zealand 100191
reading data from./J300/z_lex ./J300/z_Index
upword:                                                  zealand 112979
reading data from./J330/z_lex ./J330/z_Index
upword:                                                  zealand 134495
reading data from./J360/z_lex ./J360/z_Index
upword:                                                  zealand 82893
reading data from./J390/z_lex ./J390/z_Index
upword:                                                  zealand 94773
reading data from./J414/z_lex ./J414/z_Index
upword:                                                  zealand 64382
Building Index To ./JData10/z_lex ./JData10/z_Index
Index Is Built Up!
time 7:20:44
