////////////////////////	START HERE	////////////////////////

time 4:35:56
./nz2_merged/0_index
Processing./nz2_merged/0_data
Completed: Packge1
./nz2_merged/10_index
Processing./nz2_merged/10_data
Completed: Packge2
./nz2_merged/11_index
Processing./nz2_merged/11_data
Completed: Packge3
./nz2_merged/12_index
Processing./nz2_merged/12_data
Completed: Packge4
./nz2_merged/13_index
Processing./nz2_merged/13_data
Completed: Packge5
./nz2_merged/14_index
Processing./nz2_merged/14_data
Completed: Packge6
./nz2_merged/15_index
Processing./nz2_merged/15_data
Completed: Packge7
./nz2_merged/16_index
Processing./nz2_merged/16_data
Completed: Packge8
./nz2_merged/17_index
Processing./nz2_merged/17_data
Completed: Packge9
./nz2_merged/18_index
Processing./nz2_merged/18_data
Completed: Packge10
Sub Index a is done
Sub Index b is done
Sub Index c is done
Sub Index d is done
Sub Index e is done
Sub Index f is done
Sub Index g is done
Sub Index h is done
Sub Index i is done
Sub Index j is done
Sub Index k is done
Sub Index l is done
Sub Index m is done
Sub Index n is done
Sub Index o is done
Sub Index p is done
Sub Index q is done
Sub Index r is done
Sub Index s is done
Sub Index t is done
Sub Index u is done
Sub Index v is done
Sub Index w is done
Sub Index x is done
Sub Index y is done
Sub Index z is done
./nz2_merged/19_index
Processing./nz2_merged/19_data
Completed: Packge11
./nz2_merged/1_index
Processing./nz2_merged/1_data
Completed: Packge12
./nz2_merged/20_index
Processing./nz2_merged/20_data
Completed: Packge13
./nz2_merged/21_index
Processing./nz2_merged/21_data
Completed: Packge14
./nz2_merged/22_index
Processing./nz2_merged/22_data
Completed: Packge15
./nz2_merged/23_index
Processing./nz2_merged/23_data
Completed: Packge16
./nz2_merged/24_index
Processing./nz2_merged/24_data
Completed: Packge17
./nz2_merged/25_index
Processing./nz2_merged/25_data
Completed: Packge18
./nz2_merged/26_index
Processing./nz2_merged/26_data
Completed: Packge19
./nz2_merged/27_index
Processing./nz2_merged/27_data
Completed: Packge20
Sub Index a is done
Sub Index b is done
Sub Index c is done
Sub Index d is done
Sub Index e is done
Sub Index f is done
Sub Index g is done
Sub Index h is done
Sub Index i is done
Sub Index j is done
Sub Index k is done
Sub Index l is done
Sub Index m is done
Sub Index n is done
Sub Index o is done
Sub Index p is done
Sub Index q is done
Sub Index r is done
Sub Index s is done
Sub Index t is done
Sub Index u is done
Sub Index v is done
Sub Index w is done
Sub Index x is done
Sub Index y is done
Sub Index z is done
./nz2_merged/28_index
Processing./nz2_merged/28_data
Completed: Packge21
./nz2_merged/29_index
Processing./nz2_merged/29_data
Completed: Packge22
./nz2_merged/2_index
Processing./nz2_merged/2_data
Completed: Packge23
./nz2_merged/30_index
Processing./nz2_merged/30_data
Completed: Packge24
./nz2_merged/31_index
Processing./nz2_merged/31_data
nSub1 too small
Completed: Packge25
./nz2_merged/32_index
Processing./nz2_merged/32_data
nSub1 too small
Completed: Packge26
./nz2_merged/33_index
Processing./nz2_merged/33_data
Completed: Packge27
./nz2_merged/34_index
Processing./nz2_merged/34_data
Completed: Packge28
./nz2_merged/35_index
Processing./nz2_merged/35_data
Completed: Packge29
./nz2_merged/36_index
Processing./nz2_merged/36_data
Completed: Packge30
Sub Index a is done
Sub Index b is done
Sub Index c is done
Sub Index d is done
Sub Index e is done
Sub Index f is done
Sub Index g is done
Sub Index h is done
Sub Index i is done
Sub Index j is done
Sub Index k is done
Sub Index l is done
Sub Index m is done
Sub Index n is done
Sub Index o is done
Sub Index p is done
Sub Index q is done
Sub Index r is done
Sub Index s is done
Sub Index t is done
Sub Index u is done
Sub Index v is done
Sub Index w is done
Sub Index x is done
Sub Index y is done
Sub Index z is done
./nz2_merged/37_index
Processing./nz2_merged/37_data
Completed: Packge31
./nz2_merged/38_index
Processing./nz2_merged/38_data
nSub1 too small
Completed: Packge32
./nz2_merged/39_index
Processing./nz2_merged/39_data
nSub too small
Completed: Packge33
./nz2_merged/3_index
Processing./nz2_merged/3_data
Completed: Packge34
./nz2_merged/40_index
Processing./nz2_merged/40_data
Completed: Packge35
./nz2_merged/41_index
Processing./nz2_merged/41_data
nSub1 too small
Completed: Packge36
./nz2_merged/42_index
Processing./nz2_merged/42_data
Completed: Packge37
./nz2_merged/43_index
Processing./nz2_merged/43_data
Completed: Packge38
./nz2_merged/44_index
Processing./nz2_merged/44_data
Completed: Packge39
./nz2_merged/45_index
Processing./nz2_merged/45_data
Completed: Packge40
Sub Index a is done
Sub Index b is done
Sub Index c is done
Sub Index d is done
Sub Index e is done
Sub Index f is done
Sub Index g is done
Sub Index h is done
Sub Index i is done
Sub Index j is done
Sub Index k is done
Sub Index l is done
Sub Index m is done
Sub Index n is done
Sub Index o is done
Sub Index p is done
Sub Index q is done
Sub Index r is done
Sub Index s is done
Sub Index t is done
Sub Index u is done
Sub Index v is done
Sub Index w is done
Sub Index x is done
Sub Index y is done
Sub Index z is done
./nz2_merged/46_index
Processing./nz2_merged/46_data
Completed: Packge41
./nz2_merged/47_index
Processing./nz2_merged/47_data
Completed: Packge42
./nz2_merged/48_index
Processing./nz2_merged/48_data
nSub1 too small
Completed: Packge43
./nz2_merged/49_index
Processing./nz2_merged/49_data
Completed: Packge44
./nz2_merged/4_index
Processing./nz2_merged/4_data
Completed: Packge45
./nz2_merged/50_index
Processing./nz2_merged/50_data
Completed: Packge46
./nz2_merged/51_index
Processing./nz2_merged/51_data
Completed: Packge47
./nz2_merged/52_index
Processing./nz2_merged/52_data
Completed: Packge48
./nz2_merged/53_index
Processing./nz2_merged/53_data
nSub1 too small
Completed: Packge49
./nz2_merged/54_index
Processing./nz2_merged/54_data
nSub1 too small
Completed: Packge50
Sub Index a is done
Sub Index b is done
Sub Index c is done
Sub Index d is done
Sub Index e is done
Sub Index f is done
Sub Index g is done
Sub Index h is done
Sub Index i is done
Sub Index j is done
Sub Index k is done
Sub Index l is done
Sub Index m is done
Sub Index n is done
Sub Index o is done
Sub Index p is done
Sub Index q is done
Sub Index r is done
Sub Index s is done
Sub Index t is done
Sub Index u is done
Sub Index v is done
Sub Index w is done
Sub Index x is done
Sub Index y is done
Sub Index z is done
./nz2_merged/55_index
Processing./nz2_merged/55_data
Completed: Packge51
./nz2_merged/56_index
Processing./nz2_merged/56_data
Completed: Packge52
./nz2_merged/57_index
Processing./nz2_merged/57_data
Completed: Packge53
./nz2_merged/58_index
Processing./nz2_merged/58_data
Completed: Packge54
./nz2_merged/59_index
Processing./nz2_merged/59_data
Completed: Packge55
./nz2_merged/5_index
Processing./nz2_merged/5_data
nSub too small
Completed: Packge56
./nz2_merged/60_index
Processing./nz2_merged/60_data
Completed: Packge57
./nz2_merged/61_index
Processing./nz2_merged/61_data
Completed: Packge58
./nz2_merged/62_index
Processing./nz2_merged/62_data
Completed: Packge59
./nz2_merged/63_index
Processing./nz2_merged/63_data
nSub1 too small
nSub1 too small
nSub1 too small
nSub1 too small
nSub1 too small
Completed: Packge60
Sub Index a is done
Sub Index b is done
Sub Index c is done
Sub Index d is done
Sub Index e is done
Sub Index f is done
Sub Index g is done
Sub Index h is done
Sub Index i is done
Sub Index j is done
Sub Index k is done
Sub Index l is done
Sub Index m is done
Sub Index n is done
Sub Index o is done
Sub Index p is done
Sub Index q is done
Sub Index r is done
Sub Index s is done
Sub Index t is done
Sub Index u is done
Sub Index v is done
Sub Index w is done
Sub Index x is done
Sub Index y is done
Sub Index z is done
./nz2_merged/64_index
Processing./nz2_merged/64_data
Completed: Packge61
./nz2_merged/65_index
Processing./nz2_merged/65_data
Completed: Packge62
./nz2_merged/66_index
Processing./nz2_merged/66_data
Completed: Packge63
./nz2_merged/67_index
Processing./nz2_merged/67_data
Completed: Packge64
./nz2_merged/68_index
Processing./nz2_merged/68_data
Completed: Packge65
./nz2_merged/69_index
Processing./nz2_merged/69_data
Completed: Packge66
./nz2_merged/6_index
Processing./nz2_merged/6_data
Completed: Packge67
./nz2_merged/70_index
Processing./nz2_merged/70_data
Completed: Packge68
./nz2_merged/71_index
Processing./nz2_merged/71_data
Completed: Packge69
./nz2_merged/72_index
Processing./nz2_merged/72_data
Completed: Packge70
Sub Index a is done
Sub Index b is done
Sub Index c is done
Sub Index d is done
Sub Index e is done
Sub Index f is done
Sub Index g is done
Sub Index h is done
Sub Index i is done
Sub Index j is done
Sub Index k is done
Sub Index l is done
Sub Index m is done
Sub Index n is done
Sub Index o is done
Sub Index p is done
Sub Index q is done
Sub Index r is done
Sub Index s is done
Sub Index t is done
Sub Index u is done
Sub Index v is done
Sub Index w is done
Sub Index x is done
Sub Index y is done
Sub Index z is done
./nz2_merged/73_index
Processing./nz2_merged/73_data
Completed: Packge71
./nz2_merged/74_index
Processing./nz2_merged/74_data
Completed: Packge72
./nz2_merged/75_index
Processing./nz2_merged/75_data
nSub1 too small
nSub1 too small
nSub1 too small
Completed: Packge73
./nz2_merged/76_index
Processing./nz2_merged/76_data
Completed: Packge74
./nz2_merged/77_index
Processing./nz2_merged/77_data
Completed: Packge75
./nz2_merged/78_index
Processing./nz2_merged/78_data
Completed: Packge76
./nz2_merged/79_index
Processing./nz2_merged/79_data
Completed: Packge77
./nz2_merged/7_index
Processing./nz2_merged/7_data
Completed: Packge78
./nz2_merged/80_index
Processing./nz2_merged/80_data
Completed: Packge79
./nz2_merged/81_index
Processing./nz2_merged/81_data
Completed: Packge80
Sub Index a is done
Sub Index b is done
Sub Index c is done
Sub Index d is done
Sub Index e is done
Sub Index f is done
Sub Index g is done
Sub Index h is done
Sub Index i is done
Sub Index j is done
Sub Index k is done
Sub Index l is done
Sub Index m is done
Sub Index n is done
Sub Index o is done
Sub Index p is done
Sub Index q is done
Sub Index r is done
Sub Index s is done
Sub Index t is done
Sub Index u is done
Sub Index v is done
Sub Index w is done
Sub Index x is done
Sub Index y is done
Sub Index z is done
./nz2_merged/82_index
Processing./nz2_merged/82_data
Completed: Packge81
./nz2_merged/8_index
Processing./nz2_merged/8_data
Completed: Packge82
./nz2_merged/9_index
Processing./nz2_merged/9_data
Completed: Packge83
Sub Index a is done
Sub Index b is done
Sub Index c is done
Sub Index d is done
Sub Index e is done
Sub Index f is done
Sub Index g is done
Sub Index h is done
Sub Index i is done
Sub Index j is done
Sub Index k is done
Sub Index l is done
Sub Index m is done
Sub Index n is done
Sub Index o is done
Sub Index p is done
Sub Index q is done
Sub Index r is done
Sub Index s is done
Sub Index t is done
Sub Index u is done
Sub Index v is done
Sub Index w is done
Sub Index x is done
Sub Index y is done
Sub Index z is done
reading data from./J10/a_lex ./J10/a_Index
reading data from./J20/a_lex ./J20/a_Index
reading data from./J30/a_lex ./J30/a_Index
reading data from./J40/a_lex ./J40/a_Index
reading data from./J50/a_lex ./J50/a_Index
reading data from./J60/a_lex ./J60/a_Index
reading data from./J70/a_lex ./J70/a_Index
reading data from./J80/a_lex ./J80/a_Index
reading data from./J83/a_lex ./J83/a_Index
Building Index To ./JData/a_lex ./JData/a_Index
reading data from./J10/b_lex ./J10/b_Index
reading data from./J20/b_lex ./J20/b_Index
reading data from./J30/b_lex ./J30/b_Index
reading data from./J40/b_lex ./J40/b_Index
reading data from./J50/b_lex ./J50/b_Index
reading data from./J60/b_lex ./J60/b_Index
reading data from./J70/b_lex ./J70/b_Index
reading data from./J80/b_lex ./J80/b_Index
reading data from./J83/b_lex ./J83/b_Index
Building Index To ./JData/b_lex ./JData/b_Index
reading data from./J10/c_lex ./J10/c_Index
reading data from./J20/c_lex ./J20/c_Index
reading data from./J30/c_lex ./J30/c_Index
reading data from./J40/c_lex ./J40/c_Index
reading data from./J50/c_lex ./J50/c_Index
reading data from./J60/c_lex ./J60/c_Index
reading data from./J70/c_lex ./J70/c_Index
reading data from./J80/c_lex ./J80/c_Index
reading data from./J83/c_lex ./J83/c_Index
Building Index To ./JData/c_lex ./JData/c_Index
reading data from./J10/d_lex ./J10/d_Index
reading data from./J20/d_lex ./J20/d_Index
reading data from./J30/d_lex ./J30/d_Index
reading data from./J40/d_lex ./J40/d_Index
reading data from./J50/d_lex ./J50/d_Index
reading data from./J60/d_lex ./J60/d_Index
reading data from./J70/d_lex ./J70/d_Index
reading data from./J80/d_lex ./J80/d_Index
reading data from./J83/d_lex ./J83/d_Index
Building Index To ./JData/d_lex ./JData/d_Index
reading data from./J10/e_lex ./J10/e_Index
reading data from./J20/e_lex ./J20/e_Index
reading data from./J30/e_lex ./J30/e_Index
reading data from./J40/e_lex ./J40/e_Index
reading data from./J50/e_lex ./J50/e_Index
reading data from./J60/e_lex ./J60/e_Index
reading data from./J70/e_lex ./J70/e_Index
reading data from./J80/e_lex ./J80/e_Index
reading data from./J83/e_lex ./J83/e_Index
Building Index To ./JData/e_lex ./JData/e_Index
reading data from./J10/f_lex ./J10/f_Index
reading data from./J20/f_lex ./J20/f_Index
reading data from./J30/f_lex ./J30/f_Index
reading data from./J40/f_lex ./J40/f_Index
reading data from./J50/f_lex ./J50/f_Index
reading data from./J60/f_lex ./J60/f_Index
reading data from./J70/f_lex ./J70/f_Index
reading data from./J80/f_lex ./J80/f_Index
reading data from./J83/f_lex ./J83/f_Index
Building Index To ./JData/f_lex ./JData/f_Index
reading data from./J10/g_lex ./J10/g_Index
reading data from./J20/g_lex ./J20/g_Index
reading data from./J30/g_lex ./J30/g_Index
reading data from./J40/g_lex ./J40/g_Index
reading data from./J50/g_lex ./J50/g_Index
reading data from./J60/g_lex ./J60/g_Index
reading data from./J70/g_lex ./J70/g_Index
reading data from./J80/g_lex ./J80/g_Index
reading data from./J83/g_lex ./J83/g_Index
Building Index To ./JData/g_lex ./JData/g_Index
reading data from./J10/h_lex ./J10/h_Index
reading data from./J20/h_lex ./J20/h_Index
reading data from./J30/h_lex ./J30/h_Index
reading data from./J40/h_lex ./J40/h_Index
reading data from./J50/h_lex ./J50/h_Index
reading data from./J60/h_lex ./J60/h_Index
reading data from./J70/h_lex ./J70/h_Index
reading data from./J80/h_lex ./J80/h_Index
reading data from./J83/h_lex ./J83/h_Index
Building Index To ./JData/h_lex ./JData/h_Index
reading data from./J10/i_lex ./J10/i_Index
reading data from./J20/i_lex ./J20/i_Index
reading data from./J30/i_lex ./J30/i_Index
reading data from./J40/i_lex ./J40/i_Index
reading data from./J50/i_lex ./J50/i_Index
reading data from./J60/i_lex ./J60/i_Index
reading data from./J70/i_lex ./J70/i_Index
reading data from./J80/i_lex ./J80/i_Index
reading data from./J83/i_lex ./J83/i_Index
Building Index To ./JData/i_lex ./JData/i_Index
reading data from./J10/j_lex ./J10/j_Index
reading data from./J20/j_lex ./J20/j_Index
reading data from./J30/j_lex ./J30/j_Index
reading data from./J40/j_lex ./J40/j_Index
reading data from./J50/j_lex ./J50/j_Index
reading data from./J60/j_lex ./J60/j_Index
reading data from./J70/j_lex ./J70/j_Index
reading data from./J80/j_lex ./J80/j_Index
reading data from./J83/j_lex ./J83/j_Index
Building Index To ./JData/j_lex ./JData/j_Index
reading data from./J10/k_lex ./J10/k_Index
reading data from./J20/k_lex ./J20/k_Index
reading data from./J30/k_lex ./J30/k_Index
reading data from./J40/k_lex ./J40/k_Index
reading data from./J50/k_lex ./J50/k_Index
reading data from./J60/k_lex ./J60/k_Index
reading data from./J70/k_lex ./J70/k_Index
reading data from./J80/k_lex ./J80/k_Index
reading data from./J83/k_lex ./J83/k_Index
Building Index To ./JData/k_lex ./JData/k_Index
reading data from./J10/l_lex ./J10/l_Index
reading data from./J20/l_lex ./J20/l_Index
reading data from./J30/l_lex ./J30/l_Index
reading data from./J40/l_lex ./J40/l_Index
reading data from./J50/l_lex ./J50/l_Index
reading data from./J60/l_lex ./J60/l_Index
reading data from./J70/l_lex ./J70/l_Index
reading data from./J80/l_lex ./J80/l_Index
reading data from./J83/l_lex ./J83/l_Index
Building Index To ./JData/l_lex ./JData/l_Index
reading data from./J10/m_lex ./J10/m_Index
reading data from./J20/m_lex ./J20/m_Index
reading data from./J30/m_lex ./J30/m_Index
reading data from./J40/m_lex ./J40/m_Index
reading data from./J50/m_lex ./J50/m_Index
reading data from./J60/m_lex ./J60/m_Index
reading data from./J70/m_lex ./J70/m_Index
reading data from./J80/m_lex ./J80/m_Index
reading data from./J83/m_lex ./J83/m_Index
Building Index To ./JData/m_lex ./JData/m_Index
reading data from./J10/n_lex ./J10/n_Index
reading data from./J20/n_lex ./J20/n_Index
reading data from./J30/n_lex ./J30/n_Index
reading data from./J40/n_lex ./J40/n_Index
reading data from./J50/n_lex ./J50/n_Index
reading data from./J60/n_lex ./J60/n_Index
reading data from./J70/n_lex ./J70/n_Index
reading data from./J80/n_lex ./J80/n_Index
reading data from./J83/n_lex ./J83/n_Index
Building Index To ./JData/n_lex ./JData/n_Index
reading data from./J10/o_lex ./J10/o_Index
reading data from./J20/o_lex ./J20/o_Index
reading data from./J30/o_lex ./J30/o_Index
reading data from./J40/o_lex ./J40/o_Index
reading data from./J50/o_lex ./J50/o_Index
reading data from./J60/o_lex ./J60/o_Index
reading data from./J70/o_lex ./J70/o_Index
reading data from./J80/o_lex ./J80/o_Index
reading data from./J83/o_lex ./J83/o_Index
Building Index To ./JData/o_lex ./JData/o_Index
reading data from./J10/p_lex ./J10/p_Index
reading data from./J20/p_lex ./J20/p_Index
reading data from./J30/p_lex ./J30/p_Index
reading data from./J40/p_lex ./J40/p_Index
reading data from./J50/p_lex ./J50/p_Index
reading data from./J60/p_lex ./J60/p_Index
reading data from./J70/p_lex ./J70/p_Index
reading data from./J80/p_lex ./J80/p_Index
reading data from./J83/p_lex ./J83/p_Index
Building Index To ./JData/p_lex ./JData/p_Index
reading data from./J10/q_lex ./J10/q_Index
reading data from./J20/q_lex ./J20/q_Index
reading data from./J30/q_lex ./J30/q_Index
reading data from./J40/q_lex ./J40/q_Index
reading data from./J50/q_lex ./J50/q_Index
reading data from./J60/q_lex ./J60/q_Index
reading data from./J70/q_lex ./J70/q_Index
reading data from./J80/q_lex ./J80/q_Index
reading data from./J83/q_lex ./J83/q_Index
Building Index To ./JData/q_lex ./JData/q_Index
reading data from./J10/r_lex ./J10/r_Index
reading data from./J20/r_lex ./J20/r_Index
reading data from./J30/r_lex ./J30/r_Index
reading data from./J40/r_lex ./J40/r_Index
reading data from./J50/r_lex ./J50/r_Index
reading data from./J60/r_lex ./J60/r_Index
reading data from./J70/r_lex ./J70/r_Index
reading data from./J80/r_lex ./J80/r_Index
reading data from./J83/r_lex ./J83/r_Index
Building Index To ./JData/r_lex ./JData/r_Index
reading data from./J10/s_lex ./J10/s_Index
reading data from./J20/s_lex ./J20/s_Index
reading data from./J30/s_lex ./J30/s_Index
reading data from./J40/s_lex ./J40/s_Index
reading data from./J50/s_lex ./J50/s_Index
reading data from./J60/s_lex ./J60/s_Index
reading data from./J70/s_lex ./J70/s_Index
reading data from./J80/s_lex ./J80/s_Index
reading data from./J83/s_lex ./J83/s_Index
Building Index To ./JData/s_lex ./JData/s_Index
reading data from./J10/t_lex ./J10/t_Index
reading data from./J20/t_lex ./J20/t_Index
reading data from./J30/t_lex ./J30/t_Index
reading data from./J40/t_lex ./J40/t_Index
reading data from./J50/t_lex ./J50/t_Index
reading data from./J60/t_lex ./J60/t_Index
reading data from./J70/t_lex ./J70/t_Index
reading data from./J80/t_lex ./J80/t_Index
reading data from./J83/t_lex ./J83/t_Index
Building Index To ./JData/t_lex ./JData/t_Index
reading data from./J10/u_lex ./J10/u_Index
reading data from./J20/u_lex ./J20/u_Index
reading data from./J30/u_lex ./J30/u_Index
reading data from./J40/u_lex ./J40/u_Index
reading data from./J50/u_lex ./J50/u_Index
reading data from./J60/u_lex ./J60/u_Index
reading data from./J70/u_lex ./J70/u_Index
reading data from./J80/u_lex ./J80/u_Index
reading data from./J83/u_lex ./J83/u_Index
Building Index To ./JData/u_lex ./JData/u_Index
reading data from./J10/v_lex ./J10/v_Index
reading data from./J20/v_lex ./J20/v_Index
reading data from./J30/v_lex ./J30/v_Index
reading data from./J40/v_lex ./J40/v_Index
reading data from./J50/v_lex ./J50/v_Index
reading data from./J60/v_lex ./J60/v_Index
reading data from./J70/v_lex ./J70/v_Index
reading data from./J80/v_lex ./J80/v_Index
reading data from./J83/v_lex ./J83/v_Index
Building Index To ./JData/v_lex ./JData/v_Index
reading data from./J10/w_lex ./J10/w_Index
reading data from./J20/w_lex ./J20/w_Index
reading data from./J30/w_lex ./J30/w_Index
reading data from./J40/w_lex ./J40/w_Index
reading data from./J50/w_lex ./J50/w_Index
reading data from./J60/w_lex ./J60/w_Index
reading data from./J70/w_lex ./J70/w_Index
reading data from./J80/w_lex ./J80/w_Index
reading data from./J83/w_lex ./J83/w_Index
Building Index To ./JData/w_lex ./JData/w_Index
reading data from./J10/x_lex ./J10/x_Index
reading data from./J20/x_lex ./J20/x_Index
reading data from./J30/x_lex ./J30/x_Index
reading data from./J40/x_lex ./J40/x_Index
reading data from./J50/x_lex ./J50/x_Index
reading data from./J60/x_lex ./J60/x_Index
reading data from./J70/x_lex ./J70/x_Index
reading data from./J80/x_lex ./J80/x_Index
reading data from./J83/x_lex ./J83/x_Index
Building Index To ./JData/x_lex ./JData/x_Index
reading data from./J10/y_lex ./J10/y_Index
reading data from./J20/y_lex ./J20/y_Index
reading data from./J30/y_lex ./J30/y_Index
reading data from./J40/y_lex ./J40/y_Index
reading data from./J50/y_lex ./J50/y_Index
reading data from./J60/y_lex ./J60/y_Index
reading data from./J70/y_lex ./J70/y_Index
reading data from./J80/y_lex ./J80/y_Index
reading data from./J83/y_lex ./J83/y_Index
Building Index To ./JData/y_lex ./JData/y_Index
reading data from./J10/z_lex ./J10/z_Index
reading data from./J20/z_lex ./J20/z_Index
reading data from./J30/z_lex ./J30/z_Index
reading data from./J40/z_lex ./J40/z_Index
reading data from./J50/z_lex ./J50/z_Index
reading data from./J60/z_lex ./J60/z_Index
reading data from./J70/z_lex ./J70/z_Index
reading data from./J80/z_lex ./J80/z_Index
reading data from./J83/z_lex ./J83/z_Index
Building Index To ./JData/z_lex ./JData/z_Index
Index Is Built Up!