////////////////////////	START HERE	////////////////////////

time 7:27:34
./nz2_merged/0_index
Processing   ./nz2_merged/0_data
Completed: Packge   1
./nz2_merged/10_index
Processing   ./nz2_merged/10_data
Completed: Packge   2
./nz2_merged/11_index
Processing   ./nz2_merged/11_data
Completed: Packge   3
./nz2_merged/12_index
Processing   ./nz2_merged/12_data
Completed: Packge   4
./nz2_merged/13_index
Processing   ./nz2_merged/13_data
Completed: Packge   5
./nz2_merged/14_index
Processing   ./nz2_merged/14_data
Completed: Packge   6
./nz2_merged/15_index
Processing   ./nz2_merged/15_data
Completed: Packge   7
./nz2_merged/16_index
Processing   ./nz2_merged/16_data
Completed: Packge   8
./nz2_merged/17_index
Processing   ./nz2_merged/17_data
Completed: Packge   9
./nz2_merged/18_index
Processing   ./nz2_merged/18_data
Completed: Packge   10
./nz2_merged/19_index
Processing   ./nz2_merged/19_data
Completed: Packge   11
./nz2_merged/1_index
Processing   ./nz2_merged/1_data
Completed: Packge   12
./nz2_merged/20_index
Processing   ./nz2_merged/20_data
Completed: Packge   13
./nz2_merged/21_index
Processing   ./nz2_merged/21_data
Completed: Packge   14
./nz2_merged/22_index
Processing   ./nz2_merged/22_data
Completed: Packge   15
./nz2_merged/23_index
Processing   ./nz2_merged/23_data
Completed: Packge   16
./nz2_merged/24_index
Processing   ./nz2_merged/24_data
Completed: Packge   17
./nz2_merged/25_index
Processing   ./nz2_merged/25_data
Completed: Packge   18
./nz2_merged/26_index
Processing   ./nz2_merged/26_data
Completed: Packge   19
./nz2_merged/27_index
Processing   ./nz2_merged/27_data
Completed: Packge   20
./nz2_merged/28_index
Processing   ./nz2_merged/28_data
nSub1 too small
nSub1 too small
Completed: Packge   21
./nz2_merged/29_index
Processing   ./nz2_merged/29_data
Completed: Packge   22
./nz2_merged/2_index
Processing   ./nz2_merged/2_data
Completed: Packge   23
./nz2_merged/30_index
Processing   ./nz2_merged/30_data
Completed: Packge   24
./nz2_merged/31_index
Processing   ./nz2_merged/31_data
Completed: Packge   25
./nz2_merged/32_index
Processing   ./nz2_merged/32_data
Completed: Packge   26
./nz2_merged/33_index
Processing   ./nz2_merged/33_data
Completed: Packge   27
./nz2_merged/34_index
Processing   ./nz2_merged/34_data
Completed: Packge   28
./nz2_merged/35_index
Processing   ./nz2_merged/35_data
Completed: Packge   29
./nz2_merged/36_index
Processing   ./nz2_merged/36_data
Completed: Packge   30
Sub Index a is done
Sub Index b is done
Sub Index c is done
Sub Index d is done
Sub Index e is done
Sub Index f is done
Sub Index g is done
Sub Index h is done
Sub Index i is done
Sub Index j is done
Sub Index k is done
Sub Index l is done
Sub Index m is done
Sub Index n is done
Sub Index o is done
Sub Index p is done
Sub Index q is done
Sub Index r is done
Sub Index s is done
Sub Index t is done
Sub Index u is done
Sub Index v is done
Sub Index w is done
Sub Index x is done
Sub Index y is done
Sub Index z is done
./nz2_merged/37_index
Processing   ./nz2_merged/37_data
Completed: Packge   31
./nz2_merged/38_index
Processing   ./nz2_merged/38_data
Completed: Packge   32
./nz2_merged/39_index
Processing   ./nz2_merged/39_data
nSub too small
nSub1 too small
nSub1 too small
nSub1 too small
nSub1 too small
nSub1 too small
Completed: Packge   33
./nz2_merged/3_index
Processing   ./nz2_merged/3_data
Completed: Packge   34
./nz2_merged/40_index
Processing   ./nz2_merged/40_data
nSub1 too small
Completed: Packge   35
./nz2_merged/41_index
Processing   ./nz2_merged/41_data
Completed: Packge   36
./nz2_merged/42_index
Processing   ./nz2_merged/42_data
Completed: Packge   37
./nz2_merged/43_index
Processing   ./nz2_merged/43_data
Completed: Packge   38
./nz2_merged/44_index
Processing   ./nz2_merged/44_data
Completed: Packge   39
./nz2_merged/45_index
Processing   ./nz2_merged/45_data
Completed: Packge   40
./nz2_merged/46_index
Processing   ./nz2_merged/46_data
Completed: Packge   41
./nz2_merged/47_index
Processing   ./nz2_merged/47_data
Completed: Packge   42
./nz2_merged/48_index
Processing   ./nz2_merged/48_data
Completed: Packge   43
./nz2_merged/49_index
Processing   ./nz2_merged/49_data
Completed: Packge   44
./nz2_merged/4_index
Processing   ./nz2_merged/4_data
Completed: Packge   45
./nz2_merged/50_index
Processing   ./nz2_merged/50_data
Completed: Packge   46
./nz2_merged/51_index
Processing   ./nz2_merged/51_data
Completed: Packge   47
./nz2_merged/52_index
Processing   ./nz2_merged/52_data
Completed: Packge   48
./nz2_merged/53_index
Processing   ./nz2_merged/53_data
Completed: Packge   49
./nz2_merged/54_index
Processing   ./nz2_merged/54_data
Completed: Packge   50
./nz2_merged/55_index
Processing   ./nz2_merged/55_data
Completed: Packge   51
./nz2_merged/56_index
Processing   ./nz2_merged/56_data
Completed: Packge   52
./nz2_merged/57_index
Processing   ./nz2_merged/57_data
Completed: Packge   53
./nz2_merged/58_index
Processing   ./nz2_merged/58_data
Completed: Packge   54
./nz2_merged/59_index
Processing   ./nz2_merged/59_data
Completed: Packge   55
./nz2_merged/5_index
Processing   ./nz2_merged/5_data
nSub too small
Completed: Packge   56
./nz2_merged/60_index
Processing   ./nz2_merged/60_data
Completed: Packge   57
./nz2_merged/61_index
Processing   ./nz2_merged/61_data
Completed: Packge   58
./nz2_merged/62_index
Processing   ./nz2_merged/62_data
Completed: Packge   59
./nz2_merged/63_index
Processing   ./nz2_merged/63_data
nSub1 too small
nSub1 too small
nSub1 too small
nSub1 too small
nSub1 too small
Completed: Packge   60
Sub Index a is done
Sub Index b is done
Sub Index c is done
Sub Index d is done
Sub Index e is done
Sub Index f is done
Sub Index g is done
Sub Index h is done
Sub Index i is done
Sub Index j is done
Sub Index k is done
Sub Index l is done
Sub Index m is done
Sub Index n is done
Sub Index o is done
Sub Index p is done
Sub Index q is done
Sub Index r is done
Sub Index s is done
Sub Index t is done
Sub Index u is done
Sub Index v is done
Sub Index w is done
Sub Index x is done
Sub Index y is done
Sub Index z is done
./nz2_merged/64_index
Processing   ./nz2_merged/64_data
Completed: Packge   61
./nz2_merged/65_index
Processing   ./nz2_merged/65_data
Completed: Packge   62
./nz2_merged/66_index
Processing   ./nz2_merged/66_data
Completed: Packge   63
./nz2_merged/67_index
Processing   ./nz2_merged/67_data
Completed: Packge   64
./nz2_merged/68_index
Processing   ./nz2_merged/68_data
Completed: Packge   65
./nz2_merged/69_index
Processing   ./nz2_merged/69_data
Completed: Packge   66
./nz2_merged/6_index
Processing   ./nz2_merged/6_data
Completed: Packge   67
./nz2_merged/70_index
Processing   ./nz2_merged/70_data
Completed: Packge   68
./nz2_merged/71_index
Processing   ./nz2_merged/71_data
Completed: Packge   69
./nz2_merged/72_index
Processing   ./nz2_merged/72_data
Completed: Packge   70
./nz2_merged/73_index
Processing   ./nz2_merged/73_data
Completed: Packge   71
./nz2_merged/74_index
Processing   ./nz2_merged/74_data
Completed: Packge   72
./nz2_merged/75_index
Processing   ./nz2_merged/75_data
Completed: Packge   73
./nz2_merged/76_index
Processing   ./nz2_merged/76_data
nSub1 too small
Completed: Packge   74
./nz2_merged/77_index
Processing   ./nz2_merged/77_data
Completed: Packge   75
./nz2_merged/78_index
Processing   ./nz2_merged/78_data
Completed: Packge   76
./nz2_merged/79_index
Processing   ./nz2_merged/79_data
Completed: Packge   77
./nz2_merged/7_index
Processing   ./nz2_merged/7_data
Completed: Packge   78
./nz2_merged/80_index
Processing   ./nz2_merged/80_data
Completed: Packge   79
./nz2_merged/81_index
Processing   ./nz2_merged/81_data
Completed: Packge   80
./nz2_merged/82_index
Processing   ./nz2_merged/82_data
Completed: Packge   81
./nz2_merged/8_index
Processing   ./nz2_merged/8_data
Completed: Packge   82
./nz2_merged/9_index
Processing   ./nz2_merged/9_data
Completed: Packge   83
Sub Index a is done
Sub Index b is done
Sub Index c is done
Sub Index d is done
Sub Index e is done
Sub Index f is done
Sub Index g is done
Sub Index h is done
Sub Index i is done
Sub Index j is done
Sub Index k is done
Sub Index l is done
Sub Index m is done
Sub Index n is done
Sub Index o is done
Sub Index p is done
Sub Index q is done
Sub Index r is done
Sub Index s is done
Sub Index t is done
Sub Index u is done
Sub Index v is done
Sub Index w is done
Sub Index x is done
Sub Index y is done
Sub Index z is done
time 7:29:12
reading data from./J30/a_lex ./J30/a_Index
upword:                                                  amp 47203
reading data from./J60/a_lex ./J60/a_Index
upword:                                                  amp 42999
reading data from./J83/a_lex ./J83/a_Index
upword:                                                  arial 38349
Building Index To ./JData2/a_lex ./JData2/a_Index
reading data from./J30/b_lex ./J30/b_Index
upword:                                                  business 52136
reading data from./J60/b_lex ./J60/b_Index
upword:                                                  been 38479
reading data from./J83/b_lex ./J83/b_Index
upword:                                                  business 26677
Building Index To ./JData2/b_lex ./JData2/b_Index
reading data from./J30/c_lex ./J30/c_Index
upword:                                                  co 149115
reading data from./J60/c_lex ./J60/c_Index
upword:                                                  co 139319
reading data from./J83/c_lex ./J83/c_Index
upword:                                                  co 116220
Building Index To ./JData2/c_lex ./JData2/c_Index
reading data from./J30/d_lex ./J30/d_Index
upword:                                                  day 36144
reading data from./J60/d_lex ./J60/d_Index
upword:                                                  day 31863
reading data from./J83/d_lex ./J83/d_Index
upword:                                                  day 28381
Building Index To ./JData2/d_lex ./JData2/d_Index
reading data from./J30/e_lex ./J30/e_Index
upword:                                                  even 27849
reading data from./J60/e_lex ./J60/e_Index
upword:                                                  events 26408
reading data from./J83/e_lex ./J83/e_Index
upword:                                                  email 20285
Building Index To ./JData2/e_lex ./JData2/e_Index
reading data from./J30/f_lex ./J30/f_Index
upword:                                                  font 104273
reading data from./J60/f_lex ./J60/f_Index
upword:                                                  font 97572
reading data from./J83/f_lex ./J83/f_Index
upword:                                                  font 148889
Building Index To ./JData2/f_lex ./JData2/f_Index
reading data from./J30/g_lex ./J30/g_Index
upword:                                                  gt 59950
reading data from./J60/g_lex ./J60/g_Index
upword:                                                  gt 52196
reading data from./J83/g_lex ./J83/g_Index
upword:                                                  gt 36723
Building Index To ./JData2/g_lex ./JData2/g_Index
reading data from./J30/h_lex ./J30/h_Index
upword:                                                  home 109714
reading data from./J60/h_lex ./J60/h_Index
upword:                                                  home 111625
reading data from./J83/h_lex ./J83/h_Index
upword:                                                  home 88005
Building Index To ./JData2/h_lex ./JData2/h_Index
reading data from./J30/i_lex ./J30/i_Index
upword:                                                  information 43096
reading data from./J60/i_lex ./J60/i_Index
upword:                                                  information 48232
reading data from./J83/i_lex ./J83/i_Index
upword:                                                  information 27843
Building Index To ./JData2/i_lex ./JData2/i_Index
reading data from./J30/j_lex ./J30/j_Index
upword:                                                  jewelry 13730
reading data from./J60/j_lex ./J60/j_Index
upword:                                                  join 15906
reading data from./J83/j_lex ./J83/j_Index
upword:                                                  jpg 8834
Building Index To ./JData2/j_lex ./JData2/j_Index
reading data from./J30/k_lex ./J30/k_Index
upword:                                                  key 12195
reading data from./J60/k_lex ./J60/k_Index
upword:                                                  know 16466
reading data from./J83/k_lex ./J83/k_Index
upword:                                                  know 10363
Building Index To ./JData2/k_lex ./JData2/k_Index
reading data from./J30/l_lex ./J30/l_Index
upword:                                                  links 34129
reading data from./J60/l_lex ./J60/l_Index
upword:                                                  links 40983
reading data from./J83/l_lex ./J83/l_Index
upword:                                                  links 28116
Building Index To ./JData2/l_lex ./JData2/l_Index
reading data from./J30/m_lex ./J30/m_Index
upword:                                                  may 54811
reading data from./J60/m_lex ./J60/m_Index
upword:                                                  may 44325
reading data from./J83/m_lex ./J83/m_Index
upword:                                                  may 30405
Building Index To ./JData2/m_lex ./JData2/m_Index
reading data from./J30/n_lex ./J30/n_Index
upword:                                                  nz 263933
reading data from./J60/n_lex ./J60/n_Index
upword:                                                  nz 259435
reading data from./J83/n_lex ./J83/n_Index
upword:                                                  nz 201833
Building Index To ./JData2/n_lex ./JData2/n_Index
reading data from./J30/o_lex ./J30/o_Index
upword:                                                  online 51950
reading data from./J60/o_lex ./J60/o_Index
upword:                                                  out 45727
reading data from./J83/o_lex ./J83/o_Index
upword:                                                  out 30412
Building Index To ./JData2/o_lex ./JData2/o_Index
reading data from./J30/p_lex ./J30/p_Index
upword:                                                  people 34188
reading data from./J60/p_lex ./J60/p_Index
upword:                                                  people 34687
reading data from./J83/p_lex ./J83/p_Index
upword:                                                  page 29896
Building Index To ./JData2/p_lex ./JData2/p_Index
reading data from./J30/q_lex ./J30/q_Index
upword:                                                  quot 39106
reading data from./J60/q_lex ./J60/q_Index
upword:                                                  quot 30221
reading data from./J83/q_lex ./J83/q_Index
upword:                                                  quot 24974
Building Index To ./JData2/q_lex ./JData2/q_Index
reading data from./J30/r_lex ./J30/r_Index
upword:                                                  real 24530
reading data from./J60/r_lex ./J60/r_Index
upword:                                                  research 24149
reading data from./J83/r_lex ./J83/r_Index
upword:                                                  resources 14006
Building Index To ./JData2/r_lex ./JData2/r_Index
reading data from./J30/s_lex ./J30/s_Index
upword:                                                  size 76484
reading data from./J60/s_lex ./J60/s_Index
upword:                                                  search 72336
reading data from./J83/s_lex ./J83/s_Index
upword:                                                  size 65096
Building Index To ./JData2/s_lex ./JData2/s_Index
reading data from./J30/t_lex ./J30/t_Index
upword:                                                  their 77331
reading data from./J60/t_lex ./J60/t_Index
upword:                                                  their 52412
reading data from./J83/t_lex ./J83/t_Index
upword:                                                  their 37372
Building Index To ./JData2/t_lex ./JData2/t_Index
reading data from./J30/u_lex ./J30/u_Index
upword:                                                  up 51303
reading data from./J60/u_lex ./J60/u_Index
upword:                                                  up 56504
reading data from./J83/u_lex ./J83/u_Index
upword:                                                  up 34517
Building Index To ./JData2/u_lex ./JData2/u_Index
reading data from./J30/v_lex ./J30/v_Index
upword:                                                  view 23638
reading data from./J60/v_lex ./J60/v_Index
upword:                                                  view 26888
reading data from./J83/v_lex ./J83/v_Index
upword:                                                  verdana 25028
Building Index To ./JData2/v_lex ./JData2/v_Index
reading data from./J30/w_lex ./J30/w_Index
upword:                                                  which 76197
reading data from./J60/w_lex ./J60/w_Index
upword:                                                  what 54372
reading data from./J83/w_lex ./J83/w_Index
upword:                                                  which 35937
Building Index To ./JData2/w_lex ./JData2/w_Index
reading data from./J30/x_lex ./J30/x_Index
upword:                                                  xml 5001
reading data from./J60/x_lex ./J60/x_Index
upword:                                                  xbox 4348
reading data from./J83/x_lex ./J83/x_Index
upword:                                                  xtra 9174
Building Index To ./JData2/x_lex ./JData2/x_Index
reading data from./J30/y_lex ./J30/y_Index
upword:                                                  year 26585
reading data from./J60/y_lex ./J60/y_Index
upword:                                                  year 28662
reading data from./J83/y_lex ./J83/y_Index
upword:                                                  year 20279
Building Index To ./JData2/y_lex ./JData2/y_Index
reading data from./J30/z_lex ./J30/z_Index
upword:                                                  zealand 87570
reading data from./J60/z_lex ./J60/z_Index
upword:                                                  zealand 105374
reading data from./J83/z_lex ./J83/z_Index
upword:                                                  zealand 78910
Building Index To ./JData2/z_lex ./JData2/z_Index
Index Is Built Up!
time 7:29:30
